2021-11-29 00:09:59.253  INFO 6872 --- [main] c.s.BackendParkingSpaceV2Application     : Starting BackendParkingSpaceV2Application on DESKTOP-43VL7LQ with PID 6872 (C:\Users\Hyacinth\backendparkingspacev3\target\classes started by Hyacinth in C:\Users\Hyacinth\backendparkingspacev3)
2021-11-29 00:09:59.264  INFO 6872 --- [main] c.s.BackendParkingSpaceV2Application     : No active profile set, falling back to default profiles: default
2021-11-29 00:10:01.690  WARN 6872 --- [main] JpaBaseConfiguration$JpaWebConfiguration : spring.jpa.open-in-view is enabled by default. Therefore, database queries may be performed during view rendering. Explicitly configure spring.jpa.open-in-view to disable this warning
2021-11-29 00:10:03.052  INFO 6872 --- [main] c.s.BackendParkingSpaceV2Application     : Started BackendParkingSpaceV2Application in 4.152 seconds (JVM running for 4.59)
2021-11-29 00:10:03.054  INFO 6872 --- [main] c.s.BackendParkingSpaceV2Application     : SERVER STARTED
2021-11-29 11:16:16.248  INFO 4820 --- [main] c.s.BackendParkingSpaceV2Application     : Starting BackendParkingSpaceV2Application on DESKTOP-43VL7LQ with PID 4820 (C:\Users\Hyacinth\backendparkingspacev3\target\classes started by Hyacinth in C:\Users\Hyacinth\backendparkingspacev3)
2021-11-29 11:16:16.251  INFO 4820 --- [main] c.s.BackendParkingSpaceV2Application     : No active profile set, falling back to default profiles: default
2021-11-29 11:16:18.835  WARN 4820 --- [main] JpaBaseConfiguration$JpaWebConfiguration : spring.jpa.open-in-view is enabled by default. Therefore, database queries may be performed during view rendering. Explicitly configure spring.jpa.open-in-view to disable this warning
2021-11-29 11:16:20.128  INFO 4820 --- [main] c.s.BackendParkingSpaceV2Application     : Started BackendParkingSpaceV2Application in 4.31 seconds (JVM running for 4.799)
2021-11-29 11:16:20.130  INFO 4820 --- [main] c.s.BackendParkingSpaceV2Application     : SERVER STARTED
2021-11-29 11:21:16.161  INFO 13480 --- [main] c.s.BackendParkingSpaceV2Application     : Starting BackendParkingSpaceV2Application on DESKTOP-43VL7LQ with PID 13480 (C:\Users\Hyacinth\backendparkingspacev3\target\classes started by Hyacinth in C:\Users\Hyacinth\backendparkingspacev3)
2021-11-29 11:21:16.163  INFO 13480 --- [main] c.s.BackendParkingSpaceV2Application     : No active profile set, falling back to default profiles: default
2021-11-29 11:21:18.416  WARN 13480 --- [main] JpaBaseConfiguration$JpaWebConfiguration : spring.jpa.open-in-view is enabled by default. Therefore, database queries may be performed during view rendering. Explicitly configure spring.jpa.open-in-view to disable this warning
2021-11-29 11:21:19.523  INFO 13480 --- [main] c.s.BackendParkingSpaceV2Application     : Started BackendParkingSpaceV2Application in 3.72 seconds (JVM running for 4.165)
2021-11-29 11:21:19.526  INFO 13480 --- [main] c.s.BackendParkingSpaceV2Application     : SERVER STARTED
2021-11-29 11:21:32.061 ERROR 13480 --- [http-nio-6969-exec-3] o.a.c.c.C.[.[.[/].[dispatcherServlet]    : Servlet.service() for servlet [dispatcherServlet] in context with path [] threw exception [Request processing failed; nested exception is org.springframework.dao.InvalidDataAccessApiUsageException: Could not locate named parameter [email], expecting one of [id]; nested exception is java.lang.IllegalArgumentException: Could not locate named parameter [email], expecting one of [id]] with root cause

java.lang.IllegalArgumentException: Could not locate named parameter [email], expecting one of [id]
	at org.hibernate.query.internal.ParameterMetadataImpl.getNamedParameterDescriptor(ParameterMetadataImpl.java:229) ~[hibernate-core-5.4.22.Final.jar:5.4.22.Final]
	at org.hibernate.query.internal.ParameterMetadataImpl.getQueryParameter(ParameterMetadataImpl.java:198) ~[hibernate-core-5.4.22.Final.jar:5.4.22.Final]
	at org.hibernate.query.internal.QueryParameterBindingsImpl.getBinding(QueryParameterBindingsImpl.java:188) ~[hibernate-core-5.4.22.Final.jar:5.4.22.Final]
	at org.hibernate.query.internal.AbstractProducedQuery.setParameter(AbstractProducedQuery.java:490) ~[hibernate-core-5.4.22.Final.jar:5.4.22.Final]
	at org.hibernate.query.internal.AbstractProducedQuery.setParameter(AbstractProducedQuery.java:111) ~[hibernate-core-5.4.22.Final.jar:5.4.22.Final]
	at com.sparking.repository_impl.UserRepo_Impl.findById(UserRepo_Impl.java:75) ~[classes/:na]
	at com.sparking.repository_impl.UserRepo_Impl$$FastClassBySpringCGLIB$$84f8abcd.invoke(<generated>) ~[classes/:na]
	at org.springframework.cglib.proxy.MethodProxy.invoke(MethodProxy.java:218) ~[spring-core-5.2.10.RELEASE.jar:5.2.10.RELEASE]
	at org.springframework.aop.framework.CglibAopProxy$CglibMethodInvocation.invokeJoinpoint(CglibAopProxy.java:771) ~[spring-aop-5.2.10.RELEASE.jar:5.2.10.RELEASE]
	at org.springframework.aop.framework.ReflectiveMethodInvocation.proceed(ReflectiveMethodInvocation.java:163) ~[spring-aop-5.2.10.RELEASE.jar:5.2.10.RELEASE]
	at org.springframework.aop.framework.CglibAopProxy$CglibMethodInvocation.proceed(CglibAopProxy.java:749) ~[spring-aop-5.2.10.RELEASE.jar:5.2.10.RELEASE]
	at org.springframework.dao.support.PersistenceExceptionTranslationInterceptor.invoke(PersistenceExceptionTranslationInterceptor.java:139) ~[spring-tx-5.2.10.RELEASE.jar:5.2.10.RELEASE]
	at org.springframework.aop.framework.ReflectiveMethodInvocation.proceed(ReflectiveMethodInvocation.java:186) ~[spring-aop-5.2.10.RELEASE.jar:5.2.10.RELEASE]
	at org.springframework.aop.framework.CglibAopProxy$CglibMethodInvocation.proceed(CglibAopProxy.java:749) ~[spring-aop-5.2.10.RELEASE.jar:5.2.10.RELEASE]
	at org.springframework.transaction.interceptor.TransactionAspectSupport.invokeWithinTransaction(TransactionAspectSupport.java:367) ~[spring-tx-5.2.10.RELEASE.jar:5.2.10.RELEASE]
	at org.springframework.transaction.interceptor.TransactionInterceptor.invoke(TransactionInterceptor.java:118) ~[spring-tx-5.2.10.RELEASE.jar:5.2.10.RELEASE]
	at org.springframework.aop.framework.ReflectiveMethodInvocation.proceed(ReflectiveMethodInvocation.java:186) ~[spring-aop-5.2.10.RELEASE.jar:5.2.10.RELEASE]
	at org.springframework.aop.framework.CglibAopProxy$CglibMethodInvocation.proceed(CglibAopProxy.java:749) ~[spring-aop-5.2.10.RELEASE.jar:5.2.10.RELEASE]
	at org.springframework.aop.framework.CglibAopProxy$DynamicAdvisedInterceptor.intercept(CglibAopProxy.java:691) ~[spring-aop-5.2.10.RELEASE.jar:5.2.10.RELEASE]
	at com.sparking.repository_impl.UserRepo_Impl$$EnhancerBySpringCGLIB$$4e414414.findById(<generated>) ~[classes/:na]
	at com.sparking.repository_impl.TagRepo_Impl.getAllTags(TagRepo_Impl.java:54) ~[classes/:na]
	at com.sparking.repository_impl.TagRepo_Impl$$FastClassBySpringCGLIB$$c4bdc6a8.invoke(<generated>) ~[classes/:na]
	at org.springframework.cglib.proxy.MethodProxy.invoke(MethodProxy.java:218) ~[spring-core-5.2.10.RELEASE.jar:5.2.10.RELEASE]
	at org.springframework.aop.framework.CglibAopProxy$CglibMethodInvocation.invokeJoinpoint(CglibAopProxy.java:771) ~[spring-aop-5.2.10.RELEASE.jar:5.2.10.RELEASE]
	at org.springframework.aop.framework.ReflectiveMethodInvocation.proceed(ReflectiveMethodInvocation.java:163) ~[spring-aop-5.2.10.RELEASE.jar:5.2.10.RELEASE]
	at org.springframework.aop.framework.CglibAopProxy$CglibMethodInvocation.proceed(CglibAopProxy.java:749) ~[spring-aop-5.2.10.RELEASE.jar:5.2.10.RELEASE]
	at org.springframework.dao.support.PersistenceExceptionTranslationInterceptor.invoke(PersistenceExceptionTranslationInterceptor.java:139) ~[spring-tx-5.2.10.RELEASE.jar:5.2.10.RELEASE]
	at org.springframework.aop.framework.ReflectiveMethodInvocation.proceed(ReflectiveMethodInvocation.java:186) ~[spring-aop-5.2.10.RELEASE.jar:5.2.10.RELEASE]
	at org.springframework.aop.framework.CglibAopProxy$CglibMethodInvocation.proceed(CglibAopProxy.java:749) ~[spring-aop-5.2.10.RELEASE.jar:5.2.10.RELEASE]
	at org.springframework.transaction.interceptor.TransactionAspectSupport.invokeWithinTransaction(TransactionAspectSupport.java:367) ~[spring-tx-5.2.10.RELEASE.jar:5.2.10.RELEASE]
	at org.springframework.transaction.interceptor.TransactionInterceptor.invoke(TransactionInterceptor.java:118) ~[spring-tx-5.2.10.RELEASE.jar:5.2.10.RELEASE]
	at org.springframework.aop.framework.ReflectiveMethodInvocation.proceed(ReflectiveMethodInvocation.java:186) ~[spring-aop-5.2.10.RELEASE.jar:5.2.10.RELEASE]
	at org.springframework.aop.framework.CglibAopProxy$CglibMethodInvocation.proceed(CglibAopProxy.java:749) ~[spring-aop-5.2.10.RELEASE.jar:5.2.10.RELEASE]
	at org.springframework.aop.framework.CglibAopProxy$DynamicAdvisedInterceptor.intercept(CglibAopProxy.java:691) ~[spring-aop-5.2.10.RELEASE.jar:5.2.10.RELEASE]
	at com.sparking.repository_impl.TagRepo_Impl$$EnhancerBySpringCGLIB$$229eb585.getAllTags(<generated>) ~[classes/:na]
	at com.sparking.service_impl.TagService_Impl.getAllTags(TagService_Impl.java:21) ~[classes/:na]
	at com.sparking.controller.TagController.getAllTags(TagController.java:43) ~[classes/:na]
	at java.base/jdk.internal.reflect.NativeMethodAccessorImpl.invoke0(Native Method) ~[na:na]
	at java.base/jdk.internal.reflect.NativeMethodAccessorImpl.invoke(NativeMethodAccessorImpl.java:62) ~[na:na]
	at java.base/jdk.internal.reflect.DelegatingMethodAccessorImpl.invoke(DelegatingMethodAccessorImpl.java:43) ~[na:na]
	at java.base/java.lang.reflect.Method.invoke(Method.java:566) ~[na:na]
	at org.springframework.web.method.support.InvocableHandlerMethod.doInvoke(InvocableHandlerMethod.java:190) ~[spring-web-5.2.10.RELEASE.jar:5.2.10.RELEASE]
	at org.springframework.web.method.support.InvocableHandlerMethod.invokeForRequest(InvocableHandlerMethod.java:138) ~[spring-web-5.2.10.RELEASE.jar:5.2.10.RELEASE]
	at org.springframework.web.servlet.mvc.method.annotation.ServletInvocableHandlerMethod.invokeAndHandle(ServletInvocableHandlerMethod.java:105) ~[spring-webmvc-5.2.10.RELEASE.jar:5.2.10.RELEASE]
	at org.springframework.web.servlet.mvc.method.annotation.RequestMappingHandlerAdapter.invokeHandlerMethod(RequestMappingHandlerAdapter.java:878) ~[spring-webmvc-5.2.10.RELEASE.jar:5.2.10.RELEASE]
	at org.springframework.web.servlet.mvc.method.annotation.RequestMappingHandlerAdapter.handleInternal(RequestMappingHandlerAdapter.java:792) ~[spring-webmvc-5.2.10.RELEASE.jar:5.2.10.RELEASE]
	at org.springframework.web.servlet.mvc.method.AbstractHandlerMethodAdapter.handle(AbstractHandlerMethodAdapter.java:87) ~[spring-webmvc-5.2.10.RELEASE.jar:5.2.10.RELEASE]
	at org.springframework.web.servlet.DispatcherServlet.doDispatch(DispatcherServlet.java:1040) ~[spring-webmvc-5.2.10.RELEASE.jar:5.2.10.RELEASE]
	at org.springframework.web.servlet.DispatcherServlet.doService(DispatcherServlet.java:943) ~[spring-webmvc-5.2.10.RELEASE.jar:5.2.10.RELEASE]
	at org.springframework.web.servlet.FrameworkServlet.processRequest(FrameworkServlet.java:1006) ~[spring-webmvc-5.2.10.RELEASE.jar:5.2.10.RELEASE]
	at org.springframework.web.servlet.FrameworkServlet.doGet(FrameworkServlet.java:898) ~[spring-webmvc-5.2.10.RELEASE.jar:5.2.10.RELEASE]
	at javax.servlet.http.HttpServlet.service(HttpServlet.java:626) ~[tomcat-embed-core-9.0.39.jar:4.0.FR]
	at org.springframework.web.servlet.FrameworkServlet.service(FrameworkServlet.java:883) ~[spring-webmvc-5.2.10.RELEASE.jar:5.2.10.RELEASE]
	at javax.servlet.http.HttpServlet.service(HttpServlet.java:733) ~[tomcat-embed-core-9.0.39.jar:4.0.FR]
	at org.apache.catalina.core.ApplicationFilterChain.internalDoFilter(ApplicationFilterChain.java:231) ~[tomcat-embed-core-9.0.39.jar:9.0.39]
	at org.apache.catalina.core.ApplicationFilterChain.doFilter(ApplicationFilterChain.java:166) ~[tomcat-embed-core-9.0.39.jar:9.0.39]
	at org.apache.tomcat.websocket.server.WsFilter.doFilter(WsFilter.java:53) ~[tomcat-embed-websocket-9.0.39.jar:9.0.39]
	at org.apache.catalina.core.ApplicationFilterChain.internalDoFilter(ApplicationFilterChain.java:193) ~[tomcat-embed-core-9.0.39.jar:9.0.39]
	at org.apache.catalina.core.ApplicationFilterChain.doFilter(ApplicationFilterChain.java:166) ~[tomcat-embed-core-9.0.39.jar:9.0.39]
	at com.sparking.security.JWTFilterAdmin.doFilter(JWTFilterAdmin.java:28) ~[classes/:na]
	at org.apache.catalina.core.ApplicationFilterChain.internalDoFilter(ApplicationFilterChain.java:193) ~[tomcat-embed-core-9.0.39.jar:9.0.39]
	at org.apache.catalina.core.ApplicationFilterChain.doFilter(ApplicationFilterChain.java:166) ~[tomcat-embed-core-9.0.39.jar:9.0.39]
	at org.springframework.security.web.FilterChainProxy$VirtualFilterChain.doFilter(FilterChainProxy.java:320) ~[spring-security-web-5.3.5.RELEASE.jar:5.3.5.RELEASE]
	at org.springframework.security.web.access.ExceptionTranslationFilter.doFilter(ExceptionTranslationFilter.java:118) ~[spring-security-web-5.3.5.RELEASE.jar:5.3.5.RELEASE]
	at org.springframework.security.web.FilterChainProxy$VirtualFilterChain.doFilter(FilterChainProxy.java:334) ~[spring-security-web-5.3.5.RELEASE.jar:5.3.5.RELEASE]
	at org.springframework.security.web.session.SessionManagementFilter.doFilter(SessionManagementFilter.java:137) ~[spring-security-web-5.3.5.RELEASE.jar:5.3.5.RELEASE]
	at org.springframework.security.web.FilterChainProxy$VirtualFilterChain.doFilter(FilterChainProxy.java:334) ~[spring-security-web-5.3.5.RELEASE.jar:5.3.5.RELEASE]
	at org.springframework.security.web.authentication.AnonymousAuthenticationFilter.doFilter(AnonymousAuthenticationFilter.java:111) ~[spring-security-web-5.3.5.RELEASE.jar:5.3.5.RELEASE]
	at org.springframework.security.web.FilterChainProxy$VirtualFilterChain.doFilter(FilterChainProxy.java:334) ~[spring-security-web-5.3.5.RELEASE.jar:5.3.5.RELEASE]
	at org.springframework.security.web.servletapi.SecurityContextHolderAwareRequestFilter.doFilter(SecurityContextHolderAwareRequestFilter.java:158) ~[spring-security-web-5.3.5.RELEASE.jar:5.3.5.RELEASE]
	at org.springframework.security.web.FilterChainProxy$VirtualFilterChain.doFilter(FilterChainProxy.java:334) ~[spring-security-web-5.3.5.RELEASE.jar:5.3.5.RELEASE]
	at org.springframework.security.web.savedrequest.RequestCacheAwareFilter.doFilter(RequestCacheAwareFilter.java:63) ~[spring-security-web-5.3.5.RELEASE.jar:5.3.5.RELEASE]
	at org.springframework.security.web.FilterChainProxy$VirtualFilterChain.doFilter(FilterChainProxy.java:334) ~[spring-security-web-5.3.5.RELEASE.jar:5.3.5.RELEASE]
	at org.springframework.security.web.authentication.logout.LogoutFilter.doFilter(LogoutFilter.java:116) ~[spring-security-web-5.3.5.RELEASE.jar:5.3.5.RELEASE]
	at org.springframework.security.web.FilterChainProxy$VirtualFilterChain.doFilter(FilterChainProxy.java:334) ~[spring-security-web-5.3.5.RELEASE.jar:5.3.5.RELEASE]
	at org.springframework.web.filter.CorsFilter.doFilterInternal(CorsFilter.java:92) ~[spring-web-5.2.10.RELEASE.jar:5.2.10.RELEASE]
	at org.springframework.web.filter.OncePerRequestFilter.doFilter(OncePerRequestFilter.java:119) ~[spring-web-5.2.10.RELEASE.jar:5.2.10.RELEASE]
	at org.springframework.security.web.FilterChainProxy$VirtualFilterChain.doFilter(FilterChainProxy.java:334) ~[spring-security-web-5.3.5.RELEASE.jar:5.3.5.RELEASE]
	at org.springframework.security.web.header.HeaderWriterFilter.doHeadersAfter(HeaderWriterFilter.java:92) ~[spring-security-web-5.3.5.RELEASE.jar:5.3.5.RELEASE]
	at org.springframework.security.web.header.HeaderWriterFilter.doFilterInternal(HeaderWriterFilter.java:77) ~[spring-security-web-5.3.5.RELEASE.jar:5.3.5.RELEASE]
	at org.springframework.web.filter.OncePerRequestFilter.doFilter(OncePerRequestFilter.java:119) ~[spring-web-5.2.10.RELEASE.jar:5.2.10.RELEASE]
	at org.springframework.security.web.FilterChainProxy$VirtualFilterChain.doFilter(FilterChainProxy.java:334) ~[spring-security-web-5.3.5.RELEASE.jar:5.3.5.RELEASE]
	at org.springframework.security.web.context.SecurityContextPersistenceFilter.doFilter(SecurityContextPersistenceFilter.java:105) ~[spring-security-web-5.3.5.RELEASE.jar:5.3.5.RELEASE]
	at org.springframework.security.web.FilterChainProxy$VirtualFilterChain.doFilter(FilterChainProxy.java:334) ~[spring-security-web-5.3.5.RELEASE.jar:5.3.5.RELEASE]
	at org.springframework.security.web.context.request.async.WebAsyncManagerIntegrationFilter.doFilterInternal(WebAsyncManagerIntegrationFilter.java:56) ~[spring-security-web-5.3.5.RELEASE.jar:5.3.5.RELEASE]
	at org.springframework.web.filter.OncePerRequestFilter.doFilter(OncePerRequestFilter.java:119) ~[spring-web-5.2.10.RELEASE.jar:5.2.10.RELEASE]
	at org.springframework.security.web.FilterChainProxy$VirtualFilterChain.doFilter(FilterChainProxy.java:334) ~[spring-security-web-5.3.5.RELEASE.jar:5.3.5.RELEASE]
	at org.springframework.security.web.FilterChainProxy.doFilterInternal(FilterChainProxy.java:215) ~[spring-security-web-5.3.5.RELEASE.jar:5.3.5.RELEASE]
	at org.springframework.security.web.FilterChainProxy.doFilter(FilterChainProxy.java:178) ~[spring-security-web-5.3.5.RELEASE.jar:5.3.5.RELEASE]
	at org.springframework.web.filter.DelegatingFilterProxy.invokeDelegate(DelegatingFilterProxy.java:358) ~[spring-web-5.2.10.RELEASE.jar:5.2.10.RELEASE]
	at org.springframework.web.filter.DelegatingFilterProxy.doFilter(DelegatingFilterProxy.java:271) ~[spring-web-5.2.10.RELEASE.jar:5.2.10.RELEASE]
	at org.apache.catalina.core.ApplicationFilterChain.internalDoFilter(ApplicationFilterChain.java:193) ~[tomcat-embed-core-9.0.39.jar:9.0.39]
	at org.apache.catalina.core.ApplicationFilterChain.doFilter(ApplicationFilterChain.java:166) ~[tomcat-embed-core-9.0.39.jar:9.0.39]
	at org.springframework.web.filter.RequestContextFilter.doFilterInternal(RequestContextFilter.java:100) ~[spring-web-5.2.10.RELEASE.jar:5.2.10.RELEASE]
	at org.springframework.web.filter.OncePerRequestFilter.doFilter(OncePerRequestFilter.java:119) ~[spring-web-5.2.10.RELEASE.jar:5.2.10.RELEASE]
	at org.apache.catalina.core.ApplicationFilterChain.internalDoFilter(ApplicationFilterChain.java:193) ~[tomcat-embed-core-9.0.39.jar:9.0.39]
	at org.apache.catalina.core.ApplicationFilterChain.doFilter(ApplicationFilterChain.java:166) ~[tomcat-embed-core-9.0.39.jar:9.0.39]
	at org.springframework.web.filter.FormContentFilter.doFilterInternal(FormContentFilter.java:93) ~[spring-web-5.2.10.RELEASE.jar:5.2.10.RELEASE]
	at org.springframework.web.filter.OncePerRequestFilter.doFilter(OncePerRequestFilter.java:119) ~[spring-web-5.2.10.RELEASE.jar:5.2.10.RELEASE]
	at org.apache.catalina.core.ApplicationFilterChain.internalDoFilter(ApplicationFilterChain.java:193) ~[tomcat-embed-core-9.0.39.jar:9.0.39]
	at org.apache.catalina.core.ApplicationFilterChain.doFilter(ApplicationFilterChain.java:166) ~[tomcat-embed-core-9.0.39.jar:9.0.39]
	at org.springframework.web.filter.CharacterEncodingFilter.doFilterInternal(CharacterEncodingFilter.java:201) ~[spring-web-5.2.10.RELEASE.jar:5.2.10.RELEASE]
	at org.springframework.web.filter.OncePerRequestFilter.doFilter(OncePerRequestFilter.java:119) ~[spring-web-5.2.10.RELEASE.jar:5.2.10.RELEASE]
	at org.apache.catalina.core.ApplicationFilterChain.internalDoFilter(ApplicationFilterChain.java:193) ~[tomcat-embed-core-9.0.39.jar:9.0.39]
	at org.apache.catalina.core.ApplicationFilterChain.doFilter(ApplicationFilterChain.java:166) ~[tomcat-embed-core-9.0.39.jar:9.0.39]
	at org.apache.catalina.core.StandardWrapperValve.invoke(StandardWrapperValve.java:202) ~[tomcat-embed-core-9.0.39.jar:9.0.39]
	at org.apache.catalina.core.StandardContextValve.invoke(StandardContextValve.java:97) ~[tomcat-embed-core-9.0.39.jar:9.0.39]
	at org.apache.catalina.authenticator.AuthenticatorBase.invoke(AuthenticatorBase.java:542) ~[tomcat-embed-core-9.0.39.jar:9.0.39]
	at org.apache.catalina.core.StandardHostValve.invoke(StandardHostValve.java:143) ~[tomcat-embed-core-9.0.39.jar:9.0.39]
	at org.apache.catalina.valves.ErrorReportValve.invoke(ErrorReportValve.java:92) ~[tomcat-embed-core-9.0.39.jar:9.0.39]
	at org.apache.catalina.core.StandardEngineValve.invoke(StandardEngineValve.java:78) ~[tomcat-embed-core-9.0.39.jar:9.0.39]
	at org.apache.catalina.connector.CoyoteAdapter.service(CoyoteAdapter.java:343) ~[tomcat-embed-core-9.0.39.jar:9.0.39]
	at org.apache.coyote.http11.Http11Processor.service(Http11Processor.java:374) ~[tomcat-embed-core-9.0.39.jar:9.0.39]
	at org.apache.coyote.AbstractProcessorLight.process(AbstractProcessorLight.java:65) ~[tomcat-embed-core-9.0.39.jar:9.0.39]
	at org.apache.coyote.AbstractProtocol$ConnectionHandler.process(AbstractProtocol.java:868) ~[tomcat-embed-core-9.0.39.jar:9.0.39]
	at org.apache.tomcat.util.net.NioEndpoint$SocketProcessor.doRun(NioEndpoint.java:1590) ~[tomcat-embed-core-9.0.39.jar:9.0.39]
	at org.apache.tomcat.util.net.SocketProcessorBase.run(SocketProcessorBase.java:49) ~[tomcat-embed-core-9.0.39.jar:9.0.39]
	at java.base/java.util.concurrent.ThreadPoolExecutor.runWorker(ThreadPoolExecutor.java:1128) ~[na:na]
	at java.base/java.util.concurrent.ThreadPoolExecutor$Worker.run(ThreadPoolExecutor.java:628) ~[na:na]
	at org.apache.tomcat.util.threads.TaskThread$WrappingRunnable.run(TaskThread.java:61) ~[tomcat-embed-core-9.0.39.jar:9.0.39]
	at java.base/java.lang.Thread.run(Thread.java:834) ~[na:na]

2021-11-29 11:22:39.954  INFO 5256 --- [main] c.s.BackendParkingSpaceV2Application     : Starting BackendParkingSpaceV2Application on DESKTOP-43VL7LQ with PID 5256 (C:\Users\Hyacinth\backendparkingspacev3\target\classes started by Hyacinth in C:\Users\Hyacinth\backendparkingspacev3)
2021-11-29 11:22:39.957  INFO 5256 --- [main] c.s.BackendParkingSpaceV2Application     : No active profile set, falling back to default profiles: default
2021-11-29 11:22:42.510  WARN 5256 --- [main] JpaBaseConfiguration$JpaWebConfiguration : spring.jpa.open-in-view is enabled by default. Therefore, database queries may be performed during view rendering. Explicitly configure spring.jpa.open-in-view to disable this warning
2021-11-29 11:22:43.704  INFO 5256 --- [main] c.s.BackendParkingSpaceV2Application     : Started BackendParkingSpaceV2Application in 4.192 seconds (JVM running for 4.693)
2021-11-29 11:22:43.706  INFO 5256 --- [main] c.s.BackendParkingSpaceV2Application     : SERVER STARTED
2021-11-29 12:15:31.572  INFO 5748 --- [main] c.s.BackendParkingSpaceV2Application     : Starting BackendParkingSpaceV2Application on DESKTOP-43VL7LQ with PID 5748 (C:\Users\Hyacinth\backendparkingspacev3\target\classes started by Hyacinth in C:\Users\Hyacinth\backendparkingspacev3)
2021-11-29 12:15:31.574  INFO 5748 --- [main] c.s.BackendParkingSpaceV2Application     : No active profile set, falling back to default profiles: default
2021-11-29 12:15:33.912  WARN 5748 --- [main] JpaBaseConfiguration$JpaWebConfiguration : spring.jpa.open-in-view is enabled by default. Therefore, database queries may be performed during view rendering. Explicitly configure spring.jpa.open-in-view to disable this warning
2021-11-29 12:15:35.030  INFO 5748 --- [main] c.s.BackendParkingSpaceV2Application     : Started BackendParkingSpaceV2Application in 3.851 seconds (JVM running for 4.319)
2021-11-29 12:15:35.036  INFO 5748 --- [main] c.s.BackendParkingSpaceV2Application     : SERVER STARTED
2021-11-29 12:15:44.075 ERROR 5748 --- [http-nio-6969-exec-3] o.a.c.c.C.[.[.[/].[dispatcherServlet]    : Servlet.service() for servlet [dispatcherServlet] in context with path [] threw exception [Request processing failed; nested exception is org.springframework.http.converter.HttpMessageConversionException: Type definition error: [simple type, class com.sparking.helper.ResponseForTags]; nested exception is com.fasterxml.jackson.databind.exc.InvalidDefinitionException: No serializer found for class com.sparking.helper.ResponseForTags and no properties discovered to create BeanSerializer (to avoid exception, disable SerializationFeature.FAIL_ON_EMPTY_BEANS) (through reference chain: com.sparking.entities.jsonResp.MyResponse["data"]->java.util.ArrayList[0]->com.sparking.entities.data.Tag["user"])] with root cause

com.fasterxml.jackson.databind.exc.InvalidDefinitionException: No serializer found for class com.sparking.helper.ResponseForTags and no properties discovered to create BeanSerializer (to avoid exception, disable SerializationFeature.FAIL_ON_EMPTY_BEANS) (through reference chain: com.sparking.entities.jsonResp.MyResponse["data"]->java.util.ArrayList[0]->com.sparking.entities.data.Tag["user"])
	at com.fasterxml.jackson.databind.exc.InvalidDefinitionException.from(InvalidDefinitionException.java:77) ~[jackson-databind-2.11.3.jar:2.11.3]
	at com.fasterxml.jackson.databind.SerializerProvider.reportBadDefinition(SerializerProvider.java:1277) ~[jackson-databind-2.11.3.jar:2.11.3]
	at com.fasterxml.jackson.databind.DatabindContext.reportBadDefinition(DatabindContext.java:400) ~[jackson-databind-2.11.3.jar:2.11.3]
	at com.fasterxml.jackson.databind.ser.impl.UnknownSerializer.failForEmpty(UnknownSerializer.java:71) ~[jackson-databind-2.11.3.jar:2.11.3]
	at com.fasterxml.jackson.databind.ser.impl.UnknownSerializer.serialize(UnknownSerializer.java:33) ~[jackson-databind-2.11.3.jar:2.11.3]
	at com.fasterxml.jackson.databind.ser.BeanPropertyWriter.serializeAsField(BeanPropertyWriter.java:728) ~[jackson-databind-2.11.3.jar:2.11.3]
	at com.fasterxml.jackson.databind.ser.std.BeanSerializerBase.serializeFields(BeanSerializerBase.java:755) ~[jackson-databind-2.11.3.jar:2.11.3]
	at com.fasterxml.jackson.databind.ser.BeanSerializer.serialize(BeanSerializer.java:178) ~[jackson-databind-2.11.3.jar:2.11.3]
	at com.fasterxml.jackson.databind.ser.impl.IndexedListSerializer.serializeContents(IndexedListSerializer.java:119) ~[jackson-databind-2.11.3.jar:2.11.3]
	at com.fasterxml.jackson.databind.ser.impl.IndexedListSerializer.serialize(IndexedListSerializer.java:79) ~[jackson-databind-2.11.3.jar:2.11.3]
	at com.fasterxml.jackson.databind.ser.impl.IndexedListSerializer.serialize(IndexedListSerializer.java:18) ~[jackson-databind-2.11.3.jar:2.11.3]
	at com.fasterxml.jackson.databind.ser.BeanPropertyWriter.serializeAsField(BeanPropertyWriter.java:728) ~[jackson-databind-2.11.3.jar:2.11.3]
	at com.fasterxml.jackson.databind.ser.std.BeanSerializerBase.serializeFields(BeanSerializerBase.java:755) ~[jackson-databind-2.11.3.jar:2.11.3]
	at com.fasterxml.jackson.databind.ser.BeanSerializer.serialize(BeanSerializer.java:178) ~[jackson-databind-2.11.3.jar:2.11.3]
	at com.fasterxml.jackson.databind.ser.DefaultSerializerProvider._serialize(DefaultSerializerProvider.java:480) ~[jackson-databind-2.11.3.jar:2.11.3]
	at com.fasterxml.jackson.databind.ser.DefaultSerializerProvider.serializeValue(DefaultSerializerProvider.java:319) ~[jackson-databind-2.11.3.jar:2.11.3]
	at com.fasterxml.jackson.databind.ObjectWriter$Prefetch.serialize(ObjectWriter.java:1516) ~[jackson-databind-2.11.3.jar:2.11.3]
	at com.fasterxml.jackson.databind.ObjectWriter.writeValue(ObjectWriter.java:1006) ~[jackson-databind-2.11.3.jar:2.11.3]
	at org.springframework.http.converter.json.AbstractJackson2HttpMessageConverter.writeInternal(AbstractJackson2HttpMessageConverter.java:342) ~[spring-web-5.2.10.RELEASE.jar:5.2.10.RELEASE]
	at org.springframework.http.converter.AbstractGenericHttpMessageConverter.write(AbstractGenericHttpMessageConverter.java:104) ~[spring-web-5.2.10.RELEASE.jar:5.2.10.RELEASE]
	at org.springframework.web.servlet.mvc.method.annotation.AbstractMessageConverterMethodProcessor.writeWithMessageConverters(AbstractMessageConverterMethodProcessor.java:277) ~[spring-webmvc-5.2.10.RELEASE.jar:5.2.10.RELEASE]
	at org.springframework.web.servlet.mvc.method.annotation.HttpEntityMethodProcessor.handleReturnValue(HttpEntityMethodProcessor.java:219) ~[spring-webmvc-5.2.10.RELEASE.jar:5.2.10.RELEASE]
	at org.springframework.web.method.support.HandlerMethodReturnValueHandlerComposite.handleReturnValue(HandlerMethodReturnValueHandlerComposite.java:82) ~[spring-web-5.2.10.RELEASE.jar:5.2.10.RELEASE]
	at org.springframework.web.servlet.mvc.method.annotation.ServletInvocableHandlerMethod.invokeAndHandle(ServletInvocableHandlerMethod.java:123) ~[spring-webmvc-5.2.10.RELEASE.jar:5.2.10.RELEASE]
	at org.springframework.web.servlet.mvc.method.annotation.RequestMappingHandlerAdapter.invokeHandlerMethod(RequestMappingHandlerAdapter.java:878) ~[spring-webmvc-5.2.10.RELEASE.jar:5.2.10.RELEASE]
	at org.springframework.web.servlet.mvc.method.annotation.RequestMappingHandlerAdapter.handleInternal(RequestMappingHandlerAdapter.java:792) ~[spring-webmvc-5.2.10.RELEASE.jar:5.2.10.RELEASE]
	at org.springframework.web.servlet.mvc.method.AbstractHandlerMethodAdapter.handle(AbstractHandlerMethodAdapter.java:87) ~[spring-webmvc-5.2.10.RELEASE.jar:5.2.10.RELEASE]
	at org.springframework.web.servlet.DispatcherServlet.doDispatch(DispatcherServlet.java:1040) ~[spring-webmvc-5.2.10.RELEASE.jar:5.2.10.RELEASE]
	at org.springframework.web.servlet.DispatcherServlet.doService(DispatcherServlet.java:943) ~[spring-webmvc-5.2.10.RELEASE.jar:5.2.10.RELEASE]
	at org.springframework.web.servlet.FrameworkServlet.processRequest(FrameworkServlet.java:1006) ~[spring-webmvc-5.2.10.RELEASE.jar:5.2.10.RELEASE]
	at org.springframework.web.servlet.FrameworkServlet.doGet(FrameworkServlet.java:898) ~[spring-webmvc-5.2.10.RELEASE.jar:5.2.10.RELEASE]
	at javax.servlet.http.HttpServlet.service(HttpServlet.java:626) ~[tomcat-embed-core-9.0.39.jar:4.0.FR]
	at org.springframework.web.servlet.FrameworkServlet.service(FrameworkServlet.java:883) ~[spring-webmvc-5.2.10.RELEASE.jar:5.2.10.RELEASE]
	at javax.servlet.http.HttpServlet.service(HttpServlet.java:733) ~[tomcat-embed-core-9.0.39.jar:4.0.FR]
	at org.apache.catalina.core.ApplicationFilterChain.internalDoFilter(ApplicationFilterChain.java:231) ~[tomcat-embed-core-9.0.39.jar:9.0.39]
	at org.apache.catalina.core.ApplicationFilterChain.doFilter(ApplicationFilterChain.java:166) ~[tomcat-embed-core-9.0.39.jar:9.0.39]
	at org.apache.tomcat.websocket.server.WsFilter.doFilter(WsFilter.java:53) ~[tomcat-embed-websocket-9.0.39.jar:9.0.39]
	at org.apache.catalina.core.ApplicationFilterChain.internalDoFilter(ApplicationFilterChain.java:193) ~[tomcat-embed-core-9.0.39.jar:9.0.39]
	at org.apache.catalina.core.ApplicationFilterChain.doFilter(ApplicationFilterChain.java:166) ~[tomcat-embed-core-9.0.39.jar:9.0.39]
	at com.sparking.security.JWTFilterAdmin.doFilter(JWTFilterAdmin.java:28) ~[classes/:na]
	at org.apache.catalina.core.ApplicationFilterChain.internalDoFilter(ApplicationFilterChain.java:193) ~[tomcat-embed-core-9.0.39.jar:9.0.39]
	at org.apache.catalina.core.ApplicationFilterChain.doFilter(ApplicationFilterChain.java:166) ~[tomcat-embed-core-9.0.39.jar:9.0.39]
	at org.springframework.security.web.FilterChainProxy$VirtualFilterChain.doFilter(FilterChainProxy.java:320) ~[spring-security-web-5.3.5.RELEASE.jar:5.3.5.RELEASE]
	at org.springframework.security.web.access.ExceptionTranslationFilter.doFilter(ExceptionTranslationFilter.java:118) ~[spring-security-web-5.3.5.RELEASE.jar:5.3.5.RELEASE]
	at org.springframework.security.web.FilterChainProxy$VirtualFilterChain.doFilter(FilterChainProxy.java:334) ~[spring-security-web-5.3.5.RELEASE.jar:5.3.5.RELEASE]
	at org.springframework.security.web.session.SessionManagementFilter.doFilter(SessionManagementFilter.java:137) ~[spring-security-web-5.3.5.RELEASE.jar:5.3.5.RELEASE]
	at org.springframework.security.web.FilterChainProxy$VirtualFilterChain.doFilter(FilterChainProxy.java:334) ~[spring-security-web-5.3.5.RELEASE.jar:5.3.5.RELEASE]
	at org.springframework.security.web.authentication.AnonymousAuthenticationFilter.doFilter(AnonymousAuthenticationFilter.java:111) ~[spring-security-web-5.3.5.RELEASE.jar:5.3.5.RELEASE]
	at org.springframework.security.web.FilterChainProxy$VirtualFilterChain.doFilter(FilterChainProxy.java:334) ~[spring-security-web-5.3.5.RELEASE.jar:5.3.5.RELEASE]
	at org.springframework.security.web.servletapi.SecurityContextHolderAwareRequestFilter.doFilter(SecurityContextHolderAwareRequestFilter.java:158) ~[spring-security-web-5.3.5.RELEASE.jar:5.3.5.RELEASE]
	at org.springframework.security.web.FilterChainProxy$VirtualFilterChain.doFilter(FilterChainProxy.java:334) ~[spring-security-web-5.3.5.RELEASE.jar:5.3.5.RELEASE]
	at org.springframework.security.web.savedrequest.RequestCacheAwareFilter.doFilter(RequestCacheAwareFilter.java:63) ~[spring-security-web-5.3.5.RELEASE.jar:5.3.5.RELEASE]
	at org.springframework.security.web.FilterChainProxy$VirtualFilterChain.doFilter(FilterChainProxy.java:334) ~[spring-security-web-5.3.5.RELEASE.jar:5.3.5.RELEASE]
	at org.springframework.security.web.authentication.logout.LogoutFilter.doFilter(LogoutFilter.java:116) ~[spring-security-web-5.3.5.RELEASE.jar:5.3.5.RELEASE]
	at org.springframework.security.web.FilterChainProxy$VirtualFilterChain.doFilter(FilterChainProxy.java:334) ~[spring-security-web-5.3.5.RELEASE.jar:5.3.5.RELEASE]
	at org.springframework.web.filter.CorsFilter.doFilterInternal(CorsFilter.java:92) ~[spring-web-5.2.10.RELEASE.jar:5.2.10.RELEASE]
	at org.springframework.web.filter.OncePerRequestFilter.doFilter(OncePerRequestFilter.java:119) ~[spring-web-5.2.10.RELEASE.jar:5.2.10.RELEASE]
	at org.springframework.security.web.FilterChainProxy$VirtualFilterChain.doFilter(FilterChainProxy.java:334) ~[spring-security-web-5.3.5.RELEASE.jar:5.3.5.RELEASE]
	at org.springframework.security.web.header.HeaderWriterFilter.doHeadersAfter(HeaderWriterFilter.java:92) ~[spring-security-web-5.3.5.RELEASE.jar:5.3.5.RELEASE]
	at org.springframework.security.web.header.HeaderWriterFilter.doFilterInternal(HeaderWriterFilter.java:77) ~[spring-security-web-5.3.5.RELEASE.jar:5.3.5.RELEASE]
	at org.springframework.web.filter.OncePerRequestFilter.doFilter(OncePerRequestFilter.java:119) ~[spring-web-5.2.10.RELEASE.jar:5.2.10.RELEASE]
	at org.springframework.security.web.FilterChainProxy$VirtualFilterChain.doFilter(FilterChainProxy.java:334) ~[spring-security-web-5.3.5.RELEASE.jar:5.3.5.RELEASE]
	at org.springframework.security.web.context.SecurityContextPersistenceFilter.doFilter(SecurityContextPersistenceFilter.java:105) ~[spring-security-web-5.3.5.RELEASE.jar:5.3.5.RELEASE]
	at org.springframework.security.web.FilterChainProxy$VirtualFilterChain.doFilter(FilterChainProxy.java:334) ~[spring-security-web-5.3.5.RELEASE.jar:5.3.5.RELEASE]
	at org.springframework.security.web.context.request.async.WebAsyncManagerIntegrationFilter.doFilterInternal(WebAsyncManagerIntegrationFilter.java:56) ~[spring-security-web-5.3.5.RELEASE.jar:5.3.5.RELEASE]
	at org.springframework.web.filter.OncePerRequestFilter.doFilter(OncePerRequestFilter.java:119) ~[spring-web-5.2.10.RELEASE.jar:5.2.10.RELEASE]
	at org.springframework.security.web.FilterChainProxy$VirtualFilterChain.doFilter(FilterChainProxy.java:334) ~[spring-security-web-5.3.5.RELEASE.jar:5.3.5.RELEASE]
	at org.springframework.security.web.FilterChainProxy.doFilterInternal(FilterChainProxy.java:215) ~[spring-security-web-5.3.5.RELEASE.jar:5.3.5.RELEASE]
	at org.springframework.security.web.FilterChainProxy.doFilter(FilterChainProxy.java:178) ~[spring-security-web-5.3.5.RELEASE.jar:5.3.5.RELEASE]
	at org.springframework.web.filter.DelegatingFilterProxy.invokeDelegate(DelegatingFilterProxy.java:358) ~[spring-web-5.2.10.RELEASE.jar:5.2.10.RELEASE]
	at org.springframework.web.filter.DelegatingFilterProxy.doFilter(DelegatingFilterProxy.java:271) ~[spring-web-5.2.10.RELEASE.jar:5.2.10.RELEASE]
	at org.apache.catalina.core.ApplicationFilterChain.internalDoFilter(ApplicationFilterChain.java:193) ~[tomcat-embed-core-9.0.39.jar:9.0.39]
	at org.apache.catalina.core.ApplicationFilterChain.doFilter(ApplicationFilterChain.java:166) ~[tomcat-embed-core-9.0.39.jar:9.0.39]
	at org.springframework.web.filter.RequestContextFilter.doFilterInternal(RequestContextFilter.java:100) ~[spring-web-5.2.10.RELEASE.jar:5.2.10.RELEASE]
	at org.springframework.web.filter.OncePerRequestFilter.doFilter(OncePerRequestFilter.java:119) ~[spring-web-5.2.10.RELEASE.jar:5.2.10.RELEASE]
	at org.apache.catalina.core.ApplicationFilterChain.internalDoFilter(ApplicationFilterChain.java:193) ~[tomcat-embed-core-9.0.39.jar:9.0.39]
	at org.apache.catalina.core.ApplicationFilterChain.doFilter(ApplicationFilterChain.java:166) ~[tomcat-embed-core-9.0.39.jar:9.0.39]
	at org.springframework.web.filter.FormContentFilter.doFilterInternal(FormContentFilter.java:93) ~[spring-web-5.2.10.RELEASE.jar:5.2.10.RELEASE]
	at org.springframework.web.filter.OncePerRequestFilter.doFilter(OncePerRequestFilter.java:119) ~[spring-web-5.2.10.RELEASE.jar:5.2.10.RELEASE]
	at org.apache.catalina.core.ApplicationFilterChain.internalDoFilter(ApplicationFilterChain.java:193) ~[tomcat-embed-core-9.0.39.jar:9.0.39]
	at org.apache.catalina.core.ApplicationFilterChain.doFilter(ApplicationFilterChain.java:166) ~[tomcat-embed-core-9.0.39.jar:9.0.39]
	at org.springframework.web.filter.CharacterEncodingFilter.doFilterInternal(CharacterEncodingFilter.java:201) ~[spring-web-5.2.10.RELEASE.jar:5.2.10.RELEASE]
	at org.springframework.web.filter.OncePerRequestFilter.doFilter(OncePerRequestFilter.java:119) ~[spring-web-5.2.10.RELEASE.jar:5.2.10.RELEASE]
	at org.apache.catalina.core.ApplicationFilterChain.internalDoFilter(ApplicationFilterChain.java:193) ~[tomcat-embed-core-9.0.39.jar:9.0.39]
	at org.apache.catalina.core.ApplicationFilterChain.doFilter(ApplicationFilterChain.java:166) ~[tomcat-embed-core-9.0.39.jar:9.0.39]
	at org.apache.catalina.core.StandardWrapperValve.invoke(StandardWrapperValve.java:202) ~[tomcat-embed-core-9.0.39.jar:9.0.39]
	at org.apache.catalina.core.StandardContextValve.invoke(StandardContextValve.java:97) ~[tomcat-embed-core-9.0.39.jar:9.0.39]
	at org.apache.catalina.authenticator.AuthenticatorBase.invoke(AuthenticatorBase.java:542) ~[tomcat-embed-core-9.0.39.jar:9.0.39]
	at org.apache.catalina.core.StandardHostValve.invoke(StandardHostValve.java:143) ~[tomcat-embed-core-9.0.39.jar:9.0.39]
	at org.apache.catalina.valves.ErrorReportValve.invoke(ErrorReportValve.java:92) ~[tomcat-embed-core-9.0.39.jar:9.0.39]
	at org.apache.catalina.core.StandardEngineValve.invoke(StandardEngineValve.java:78) ~[tomcat-embed-core-9.0.39.jar:9.0.39]
	at org.apache.catalina.connector.CoyoteAdapter.service(CoyoteAdapter.java:343) ~[tomcat-embed-core-9.0.39.jar:9.0.39]
	at org.apache.coyote.http11.Http11Processor.service(Http11Processor.java:374) ~[tomcat-embed-core-9.0.39.jar:9.0.39]
	at org.apache.coyote.AbstractProcessorLight.process(AbstractProcessorLight.java:65) ~[tomcat-embed-core-9.0.39.jar:9.0.39]
	at org.apache.coyote.AbstractProtocol$ConnectionHandler.process(AbstractProtocol.java:868) ~[tomcat-embed-core-9.0.39.jar:9.0.39]
	at org.apache.tomcat.util.net.NioEndpoint$SocketProcessor.doRun(NioEndpoint.java:1590) ~[tomcat-embed-core-9.0.39.jar:9.0.39]
	at org.apache.tomcat.util.net.SocketProcessorBase.run(SocketProcessorBase.java:49) ~[tomcat-embed-core-9.0.39.jar:9.0.39]
	at java.base/java.util.concurrent.ThreadPoolExecutor.runWorker(ThreadPoolExecutor.java:1128) ~[na:na]
	at java.base/java.util.concurrent.ThreadPoolExecutor$Worker.run(ThreadPoolExecutor.java:628) ~[na:na]
	at org.apache.tomcat.util.threads.TaskThread$WrappingRunnable.run(TaskThread.java:61) ~[tomcat-embed-core-9.0.39.jar:9.0.39]
	at java.base/java.lang.Thread.run(Thread.java:834) ~[na:na]

2021-11-29 13:03:06.078  INFO 2240 --- [main] c.s.BackendParkingSpaceV2Application     : Starting BackendParkingSpaceV2Application on DESKTOP-43VL7LQ with PID 2240 (C:\Users\Hyacinth\backendparkingspacev3\target\classes started by Hyacinth in C:\Users\Hyacinth\backendparkingspacev3)
2021-11-29 13:03:06.080  INFO 2240 --- [main] c.s.BackendParkingSpaceV2Application     : No active profile set, falling back to default profiles: default
2021-11-29 13:03:08.460  WARN 2240 --- [main] JpaBaseConfiguration$JpaWebConfiguration : spring.jpa.open-in-view is enabled by default. Therefore, database queries may be performed during view rendering. Explicitly configure spring.jpa.open-in-view to disable this warning
2021-11-29 13:03:09.541  INFO 2240 --- [main] c.s.BackendParkingSpaceV2Application     : Started BackendParkingSpaceV2Application in 3.862 seconds (JVM running for 4.339)
2021-11-29 13:03:09.543  INFO 2240 --- [main] c.s.BackendParkingSpaceV2Application     : SERVER STARTED
2021-11-29 13:03:19.284 ERROR 2240 --- [http-nio-6969-exec-3] o.a.c.c.C.[.[.[/].[dispatcherServlet]    : Servlet.service() for servlet [dispatcherServlet] in context with path [] threw exception [Request processing failed; nested exception is org.springframework.http.converter.HttpMessageConversionException: Type definition error: [simple type, class com.sparking.helper.ResponseForTags]; nested exception is com.fasterxml.jackson.databind.exc.InvalidDefinitionException: No serializer found for class com.sparking.helper.ResponseForTags and no properties discovered to create BeanSerializer (to avoid exception, disable SerializationFeature.FAIL_ON_EMPTY_BEANS) (through reference chain: com.sparking.entities.jsonResp.MyResponse["data"]->java.util.ArrayList[0]->com.sparking.entities.data.Tag["user"])] with root cause

com.fasterxml.jackson.databind.exc.InvalidDefinitionException: No serializer found for class com.sparking.helper.ResponseForTags and no properties discovered to create BeanSerializer (to avoid exception, disable SerializationFeature.FAIL_ON_EMPTY_BEANS) (through reference chain: com.sparking.entities.jsonResp.MyResponse["data"]->java.util.ArrayList[0]->com.sparking.entities.data.Tag["user"])
	at com.fasterxml.jackson.databind.exc.InvalidDefinitionException.from(InvalidDefinitionException.java:77) ~[jackson-databind-2.11.3.jar:2.11.3]
	at com.fasterxml.jackson.databind.SerializerProvider.reportBadDefinition(SerializerProvider.java:1277) ~[jackson-databind-2.11.3.jar:2.11.3]
	at com.fasterxml.jackson.databind.DatabindContext.reportBadDefinition(DatabindContext.java:400) ~[jackson-databind-2.11.3.jar:2.11.3]
	at com.fasterxml.jackson.databind.ser.impl.UnknownSerializer.failForEmpty(UnknownSerializer.java:71) ~[jackson-databind-2.11.3.jar:2.11.3]
	at com.fasterxml.jackson.databind.ser.impl.UnknownSerializer.serialize(UnknownSerializer.java:33) ~[jackson-databind-2.11.3.jar:2.11.3]
	at com.fasterxml.jackson.databind.ser.BeanPropertyWriter.serializeAsField(BeanPropertyWriter.java:728) ~[jackson-databind-2.11.3.jar:2.11.3]
	at com.fasterxml.jackson.databind.ser.std.BeanSerializerBase.serializeFields(BeanSerializerBase.java:755) ~[jackson-databind-2.11.3.jar:2.11.3]
	at com.fasterxml.jackson.databind.ser.BeanSerializer.serialize(BeanSerializer.java:178) ~[jackson-databind-2.11.3.jar:2.11.3]
	at com.fasterxml.jackson.databind.ser.impl.IndexedListSerializer.serializeContents(IndexedListSerializer.java:119) ~[jackson-databind-2.11.3.jar:2.11.3]
	at com.fasterxml.jackson.databind.ser.impl.IndexedListSerializer.serialize(IndexedListSerializer.java:79) ~[jackson-databind-2.11.3.jar:2.11.3]
	at com.fasterxml.jackson.databind.ser.impl.IndexedListSerializer.serialize(IndexedListSerializer.java:18) ~[jackson-databind-2.11.3.jar:2.11.3]
	at com.fasterxml.jackson.databind.ser.BeanPropertyWriter.serializeAsField(BeanPropertyWriter.java:728) ~[jackson-databind-2.11.3.jar:2.11.3]
	at com.fasterxml.jackson.databind.ser.std.BeanSerializerBase.serializeFields(BeanSerializerBase.java:755) ~[jackson-databind-2.11.3.jar:2.11.3]
	at com.fasterxml.jackson.databind.ser.BeanSerializer.serialize(BeanSerializer.java:178) ~[jackson-databind-2.11.3.jar:2.11.3]
	at com.fasterxml.jackson.databind.ser.DefaultSerializerProvider._serialize(DefaultSerializerProvider.java:480) ~[jackson-databind-2.11.3.jar:2.11.3]
	at com.fasterxml.jackson.databind.ser.DefaultSerializerProvider.serializeValue(DefaultSerializerProvider.java:319) ~[jackson-databind-2.11.3.jar:2.11.3]
	at com.fasterxml.jackson.databind.ObjectWriter$Prefetch.serialize(ObjectWriter.java:1516) ~[jackson-databind-2.11.3.jar:2.11.3]
	at com.fasterxml.jackson.databind.ObjectWriter.writeValue(ObjectWriter.java:1006) ~[jackson-databind-2.11.3.jar:2.11.3]
	at org.springframework.http.converter.json.AbstractJackson2HttpMessageConverter.writeInternal(AbstractJackson2HttpMessageConverter.java:342) ~[spring-web-5.2.10.RELEASE.jar:5.2.10.RELEASE]
	at org.springframework.http.converter.AbstractGenericHttpMessageConverter.write(AbstractGenericHttpMessageConverter.java:104) ~[spring-web-5.2.10.RELEASE.jar:5.2.10.RELEASE]
	at org.springframework.web.servlet.mvc.method.annotation.AbstractMessageConverterMethodProcessor.writeWithMessageConverters(AbstractMessageConverterMethodProcessor.java:277) ~[spring-webmvc-5.2.10.RELEASE.jar:5.2.10.RELEASE]
	at org.springframework.web.servlet.mvc.method.annotation.HttpEntityMethodProcessor.handleReturnValue(HttpEntityMethodProcessor.java:219) ~[spring-webmvc-5.2.10.RELEASE.jar:5.2.10.RELEASE]
	at org.springframework.web.method.support.HandlerMethodReturnValueHandlerComposite.handleReturnValue(HandlerMethodReturnValueHandlerComposite.java:82) ~[spring-web-5.2.10.RELEASE.jar:5.2.10.RELEASE]
	at org.springframework.web.servlet.mvc.method.annotation.ServletInvocableHandlerMethod.invokeAndHandle(ServletInvocableHandlerMethod.java:123) ~[spring-webmvc-5.2.10.RELEASE.jar:5.2.10.RELEASE]
	at org.springframework.web.servlet.mvc.method.annotation.RequestMappingHandlerAdapter.invokeHandlerMethod(RequestMappingHandlerAdapter.java:878) ~[spring-webmvc-5.2.10.RELEASE.jar:5.2.10.RELEASE]
	at org.springframework.web.servlet.mvc.method.annotation.RequestMappingHandlerAdapter.handleInternal(RequestMappingHandlerAdapter.java:792) ~[spring-webmvc-5.2.10.RELEASE.jar:5.2.10.RELEASE]
	at org.springframework.web.servlet.mvc.method.AbstractHandlerMethodAdapter.handle(AbstractHandlerMethodAdapter.java:87) ~[spring-webmvc-5.2.10.RELEASE.jar:5.2.10.RELEASE]
	at org.springframework.web.servlet.DispatcherServlet.doDispatch(DispatcherServlet.java:1040) ~[spring-webmvc-5.2.10.RELEASE.jar:5.2.10.RELEASE]
	at org.springframework.web.servlet.DispatcherServlet.doService(DispatcherServlet.java:943) ~[spring-webmvc-5.2.10.RELEASE.jar:5.2.10.RELEASE]
	at org.springframework.web.servlet.FrameworkServlet.processRequest(FrameworkServlet.java:1006) ~[spring-webmvc-5.2.10.RELEASE.jar:5.2.10.RELEASE]
	at org.springframework.web.servlet.FrameworkServlet.doGet(FrameworkServlet.java:898) ~[spring-webmvc-5.2.10.RELEASE.jar:5.2.10.RELEASE]
	at javax.servlet.http.HttpServlet.service(HttpServlet.java:626) ~[tomcat-embed-core-9.0.39.jar:4.0.FR]
	at org.springframework.web.servlet.FrameworkServlet.service(FrameworkServlet.java:883) ~[spring-webmvc-5.2.10.RELEASE.jar:5.2.10.RELEASE]
	at javax.servlet.http.HttpServlet.service(HttpServlet.java:733) ~[tomcat-embed-core-9.0.39.jar:4.0.FR]
	at org.apache.catalina.core.ApplicationFilterChain.internalDoFilter(ApplicationFilterChain.java:231) ~[tomcat-embed-core-9.0.39.jar:9.0.39]
	at org.apache.catalina.core.ApplicationFilterChain.doFilter(ApplicationFilterChain.java:166) ~[tomcat-embed-core-9.0.39.jar:9.0.39]
	at org.apache.tomcat.websocket.server.WsFilter.doFilter(WsFilter.java:53) ~[tomcat-embed-websocket-9.0.39.jar:9.0.39]
	at org.apache.catalina.core.ApplicationFilterChain.internalDoFilter(ApplicationFilterChain.java:193) ~[tomcat-embed-core-9.0.39.jar:9.0.39]
	at org.apache.catalina.core.ApplicationFilterChain.doFilter(ApplicationFilterChain.java:166) ~[tomcat-embed-core-9.0.39.jar:9.0.39]
	at com.sparking.security.JWTFilterAdmin.doFilter(JWTFilterAdmin.java:28) ~[classes/:na]
	at org.apache.catalina.core.ApplicationFilterChain.internalDoFilter(ApplicationFilterChain.java:193) ~[tomcat-embed-core-9.0.39.jar:9.0.39]
	at org.apache.catalina.core.ApplicationFilterChain.doFilter(ApplicationFilterChain.java:166) ~[tomcat-embed-core-9.0.39.jar:9.0.39]
	at org.springframework.security.web.FilterChainProxy$VirtualFilterChain.doFilter(FilterChainProxy.java:320) ~[spring-security-web-5.3.5.RELEASE.jar:5.3.5.RELEASE]
	at org.springframework.security.web.access.ExceptionTranslationFilter.doFilter(ExceptionTranslationFilter.java:118) ~[spring-security-web-5.3.5.RELEASE.jar:5.3.5.RELEASE]
	at org.springframework.security.web.FilterChainProxy$VirtualFilterChain.doFilter(FilterChainProxy.java:334) ~[spring-security-web-5.3.5.RELEASE.jar:5.3.5.RELEASE]
	at org.springframework.security.web.session.SessionManagementFilter.doFilter(SessionManagementFilter.java:137) ~[spring-security-web-5.3.5.RELEASE.jar:5.3.5.RELEASE]
	at org.springframework.security.web.FilterChainProxy$VirtualFilterChain.doFilter(FilterChainProxy.java:334) ~[spring-security-web-5.3.5.RELEASE.jar:5.3.5.RELEASE]
	at org.springframework.security.web.authentication.AnonymousAuthenticationFilter.doFilter(AnonymousAuthenticationFilter.java:111) ~[spring-security-web-5.3.5.RELEASE.jar:5.3.5.RELEASE]
	at org.springframework.security.web.FilterChainProxy$VirtualFilterChain.doFilter(FilterChainProxy.java:334) ~[spring-security-web-5.3.5.RELEASE.jar:5.3.5.RELEASE]
	at org.springframework.security.web.servletapi.SecurityContextHolderAwareRequestFilter.doFilter(SecurityContextHolderAwareRequestFilter.java:158) ~[spring-security-web-5.3.5.RELEASE.jar:5.3.5.RELEASE]
	at org.springframework.security.web.FilterChainProxy$VirtualFilterChain.doFilter(FilterChainProxy.java:334) ~[spring-security-web-5.3.5.RELEASE.jar:5.3.5.RELEASE]
	at org.springframework.security.web.savedrequest.RequestCacheAwareFilter.doFilter(RequestCacheAwareFilter.java:63) ~[spring-security-web-5.3.5.RELEASE.jar:5.3.5.RELEASE]
	at org.springframework.security.web.FilterChainProxy$VirtualFilterChain.doFilter(FilterChainProxy.java:334) ~[spring-security-web-5.3.5.RELEASE.jar:5.3.5.RELEASE]
	at org.springframework.security.web.authentication.logout.LogoutFilter.doFilter(LogoutFilter.java:116) ~[spring-security-web-5.3.5.RELEASE.jar:5.3.5.RELEASE]
	at org.springframework.security.web.FilterChainProxy$VirtualFilterChain.doFilter(FilterChainProxy.java:334) ~[spring-security-web-5.3.5.RELEASE.jar:5.3.5.RELEASE]
	at org.springframework.web.filter.CorsFilter.doFilterInternal(CorsFilter.java:92) ~[spring-web-5.2.10.RELEASE.jar:5.2.10.RELEASE]
	at org.springframework.web.filter.OncePerRequestFilter.doFilter(OncePerRequestFilter.java:119) ~[spring-web-5.2.10.RELEASE.jar:5.2.10.RELEASE]
	at org.springframework.security.web.FilterChainProxy$VirtualFilterChain.doFilter(FilterChainProxy.java:334) ~[spring-security-web-5.3.5.RELEASE.jar:5.3.5.RELEASE]
	at org.springframework.security.web.header.HeaderWriterFilter.doHeadersAfter(HeaderWriterFilter.java:92) ~[spring-security-web-5.3.5.RELEASE.jar:5.3.5.RELEASE]
	at org.springframework.security.web.header.HeaderWriterFilter.doFilterInternal(HeaderWriterFilter.java:77) ~[spring-security-web-5.3.5.RELEASE.jar:5.3.5.RELEASE]
	at org.springframework.web.filter.OncePerRequestFilter.doFilter(OncePerRequestFilter.java:119) ~[spring-web-5.2.10.RELEASE.jar:5.2.10.RELEASE]
	at org.springframework.security.web.FilterChainProxy$VirtualFilterChain.doFilter(FilterChainProxy.java:334) ~[spring-security-web-5.3.5.RELEASE.jar:5.3.5.RELEASE]
	at org.springframework.security.web.context.SecurityContextPersistenceFilter.doFilter(SecurityContextPersistenceFilter.java:105) ~[spring-security-web-5.3.5.RELEASE.jar:5.3.5.RELEASE]
	at org.springframework.security.web.FilterChainProxy$VirtualFilterChain.doFilter(FilterChainProxy.java:334) ~[spring-security-web-5.3.5.RELEASE.jar:5.3.5.RELEASE]
	at org.springframework.security.web.context.request.async.WebAsyncManagerIntegrationFilter.doFilterInternal(WebAsyncManagerIntegrationFilter.java:56) ~[spring-security-web-5.3.5.RELEASE.jar:5.3.5.RELEASE]
	at org.springframework.web.filter.OncePerRequestFilter.doFilter(OncePerRequestFilter.java:119) ~[spring-web-5.2.10.RELEASE.jar:5.2.10.RELEASE]
	at org.springframework.security.web.FilterChainProxy$VirtualFilterChain.doFilter(FilterChainProxy.java:334) ~[spring-security-web-5.3.5.RELEASE.jar:5.3.5.RELEASE]
	at org.springframework.security.web.FilterChainProxy.doFilterInternal(FilterChainProxy.java:215) ~[spring-security-web-5.3.5.RELEASE.jar:5.3.5.RELEASE]
	at org.springframework.security.web.FilterChainProxy.doFilter(FilterChainProxy.java:178) ~[spring-security-web-5.3.5.RELEASE.jar:5.3.5.RELEASE]
	at org.springframework.web.filter.DelegatingFilterProxy.invokeDelegate(DelegatingFilterProxy.java:358) ~[spring-web-5.2.10.RELEASE.jar:5.2.10.RELEASE]
	at org.springframework.web.filter.DelegatingFilterProxy.doFilter(DelegatingFilterProxy.java:271) ~[spring-web-5.2.10.RELEASE.jar:5.2.10.RELEASE]
	at org.apache.catalina.core.ApplicationFilterChain.internalDoFilter(ApplicationFilterChain.java:193) ~[tomcat-embed-core-9.0.39.jar:9.0.39]
	at org.apache.catalina.core.ApplicationFilterChain.doFilter(ApplicationFilterChain.java:166) ~[tomcat-embed-core-9.0.39.jar:9.0.39]
	at org.springframework.web.filter.RequestContextFilter.doFilterInternal(RequestContextFilter.java:100) ~[spring-web-5.2.10.RELEASE.jar:5.2.10.RELEASE]
	at org.springframework.web.filter.OncePerRequestFilter.doFilter(OncePerRequestFilter.java:119) ~[spring-web-5.2.10.RELEASE.jar:5.2.10.RELEASE]
	at org.apache.catalina.core.ApplicationFilterChain.internalDoFilter(ApplicationFilterChain.java:193) ~[tomcat-embed-core-9.0.39.jar:9.0.39]
	at org.apache.catalina.core.ApplicationFilterChain.doFilter(ApplicationFilterChain.java:166) ~[tomcat-embed-core-9.0.39.jar:9.0.39]
	at org.springframework.web.filter.FormContentFilter.doFilterInternal(FormContentFilter.java:93) ~[spring-web-5.2.10.RELEASE.jar:5.2.10.RELEASE]
	at org.springframework.web.filter.OncePerRequestFilter.doFilter(OncePerRequestFilter.java:119) ~[spring-web-5.2.10.RELEASE.jar:5.2.10.RELEASE]
	at org.apache.catalina.core.ApplicationFilterChain.internalDoFilter(ApplicationFilterChain.java:193) ~[tomcat-embed-core-9.0.39.jar:9.0.39]
	at org.apache.catalina.core.ApplicationFilterChain.doFilter(ApplicationFilterChain.java:166) ~[tomcat-embed-core-9.0.39.jar:9.0.39]
	at org.springframework.web.filter.CharacterEncodingFilter.doFilterInternal(CharacterEncodingFilter.java:201) ~[spring-web-5.2.10.RELEASE.jar:5.2.10.RELEASE]
	at org.springframework.web.filter.OncePerRequestFilter.doFilter(OncePerRequestFilter.java:119) ~[spring-web-5.2.10.RELEASE.jar:5.2.10.RELEASE]
	at org.apache.catalina.core.ApplicationFilterChain.internalDoFilter(ApplicationFilterChain.java:193) ~[tomcat-embed-core-9.0.39.jar:9.0.39]
	at org.apache.catalina.core.ApplicationFilterChain.doFilter(ApplicationFilterChain.java:166) ~[tomcat-embed-core-9.0.39.jar:9.0.39]
	at org.apache.catalina.core.StandardWrapperValve.invoke(StandardWrapperValve.java:202) ~[tomcat-embed-core-9.0.39.jar:9.0.39]
	at org.apache.catalina.core.StandardContextValve.invoke(StandardContextValve.java:97) ~[tomcat-embed-core-9.0.39.jar:9.0.39]
	at org.apache.catalina.authenticator.AuthenticatorBase.invoke(AuthenticatorBase.java:542) ~[tomcat-embed-core-9.0.39.jar:9.0.39]
	at org.apache.catalina.core.StandardHostValve.invoke(StandardHostValve.java:143) ~[tomcat-embed-core-9.0.39.jar:9.0.39]
	at org.apache.catalina.valves.ErrorReportValve.invoke(ErrorReportValve.java:92) ~[tomcat-embed-core-9.0.39.jar:9.0.39]
	at org.apache.catalina.core.StandardEngineValve.invoke(StandardEngineValve.java:78) ~[tomcat-embed-core-9.0.39.jar:9.0.39]
	at org.apache.catalina.connector.CoyoteAdapter.service(CoyoteAdapter.java:343) ~[tomcat-embed-core-9.0.39.jar:9.0.39]
	at org.apache.coyote.http11.Http11Processor.service(Http11Processor.java:374) ~[tomcat-embed-core-9.0.39.jar:9.0.39]
	at org.apache.coyote.AbstractProcessorLight.process(AbstractProcessorLight.java:65) ~[tomcat-embed-core-9.0.39.jar:9.0.39]
	at org.apache.coyote.AbstractProtocol$ConnectionHandler.process(AbstractProtocol.java:868) ~[tomcat-embed-core-9.0.39.jar:9.0.39]
	at org.apache.tomcat.util.net.NioEndpoint$SocketProcessor.doRun(NioEndpoint.java:1590) ~[tomcat-embed-core-9.0.39.jar:9.0.39]
	at org.apache.tomcat.util.net.SocketProcessorBase.run(SocketProcessorBase.java:49) ~[tomcat-embed-core-9.0.39.jar:9.0.39]
	at java.base/java.util.concurrent.ThreadPoolExecutor.runWorker(ThreadPoolExecutor.java:1128) ~[na:na]
	at java.base/java.util.concurrent.ThreadPoolExecutor$Worker.run(ThreadPoolExecutor.java:628) ~[na:na]
	at org.apache.tomcat.util.threads.TaskThread$WrappingRunnable.run(TaskThread.java:61) ~[tomcat-embed-core-9.0.39.jar:9.0.39]
	at java.base/java.lang.Thread.run(Thread.java:834) ~[na:na]

2021-11-29 13:04:20.443  INFO 8124 --- [main] c.s.BackendParkingSpaceV2Application     : Starting BackendParkingSpaceV2Application on DESKTOP-43VL7LQ with PID 8124 (C:\Users\Hyacinth\backendparkingspacev3\target\classes started by Hyacinth in C:\Users\Hyacinth\backendparkingspacev3)
2021-11-29 13:04:20.445  INFO 8124 --- [main] c.s.BackendParkingSpaceV2Application     : No active profile set, falling back to default profiles: default
2021-11-29 13:04:22.815  WARN 8124 --- [main] JpaBaseConfiguration$JpaWebConfiguration : spring.jpa.open-in-view is enabled by default. Therefore, database queries may be performed during view rendering. Explicitly configure spring.jpa.open-in-view to disable this warning
2021-11-29 13:04:23.967  INFO 8124 --- [main] c.s.BackendParkingSpaceV2Application     : Started BackendParkingSpaceV2Application in 3.908 seconds (JVM running for 4.401)
2021-11-29 13:04:23.969  INFO 8124 --- [main] c.s.BackendParkingSpaceV2Application     : SERVER STARTED
2021-11-29 13:05:09.735  INFO 7268 --- [main] c.s.BackendParkingSpaceV2Application     : Starting BackendParkingSpaceV2Application on DESKTOP-43VL7LQ with PID 7268 (C:\Users\Hyacinth\backendparkingspacev3\target\classes started by Hyacinth in C:\Users\Hyacinth\backendparkingspacev3)
2021-11-29 13:05:09.738  INFO 7268 --- [main] c.s.BackendParkingSpaceV2Application     : No active profile set, falling back to default profiles: default
2021-11-29 13:05:12.216  WARN 7268 --- [main] JpaBaseConfiguration$JpaWebConfiguration : spring.jpa.open-in-view is enabled by default. Therefore, database queries may be performed during view rendering. Explicitly configure spring.jpa.open-in-view to disable this warning
2021-11-29 13:05:14.091  INFO 7268 --- [main] c.s.BackendParkingSpaceV2Application     : Started BackendParkingSpaceV2Application in 4.741 seconds (JVM running for 5.292)
2021-11-29 13:05:14.094  INFO 7268 --- [main] c.s.BackendParkingSpaceV2Application     : SERVER STARTED
2021-11-29 13:07:16.175  INFO 5544 --- [main] c.s.BackendParkingSpaceV2Application     : Starting BackendParkingSpaceV2Application on DESKTOP-43VL7LQ with PID 5544 (C:\Users\Hyacinth\backendparkingspacev3\target\classes started by Hyacinth in C:\Users\Hyacinth\backendparkingspacev3)
2021-11-29 13:07:16.177  INFO 5544 --- [main] c.s.BackendParkingSpaceV2Application     : No active profile set, falling back to default profiles: default
2021-11-29 13:07:18.623  WARN 5544 --- [main] JpaBaseConfiguration$JpaWebConfiguration : spring.jpa.open-in-view is enabled by default. Therefore, database queries may be performed during view rendering. Explicitly configure spring.jpa.open-in-view to disable this warning
2021-11-29 13:07:19.832  INFO 5544 --- [main] c.s.BackendParkingSpaceV2Application     : Started BackendParkingSpaceV2Application in 4.04 seconds (JVM running for 4.532)
2021-11-29 13:07:19.834  INFO 5544 --- [main] c.s.BackendParkingSpaceV2Application     : SERVER STARTED
2021-11-29 13:44:50.152  INFO 12692 --- [main] c.s.BackendParkingSpaceV2Application     : Starting BackendParkingSpaceV2Application on DESKTOP-43VL7LQ with PID 12692 (C:\Users\Hyacinth\backendparkingspacev3\target\classes started by Hyacinth in C:\Users\Hyacinth\backendparkingspacev3)
2021-11-29 13:44:50.154  INFO 12692 --- [main] c.s.BackendParkingSpaceV2Application     : No active profile set, falling back to default profiles: default
2021-11-29 13:44:52.831  WARN 12692 --- [main] JpaBaseConfiguration$JpaWebConfiguration : spring.jpa.open-in-view is enabled by default. Therefore, database queries may be performed during view rendering. Explicitly configure spring.jpa.open-in-view to disable this warning
2021-11-29 13:44:54.276  INFO 12692 --- [main] c.s.BackendParkingSpaceV2Application     : Started BackendParkingSpaceV2Application in 4.549 seconds (JVM running for 5.053)
2021-11-29 13:44:54.280  INFO 12692 --- [main] c.s.BackendParkingSpaceV2Application     : SERVER STARTED
2021-11-29 13:45:00.087 ERROR 12692 --- [http-nio-6969-exec-2] o.a.c.c.C.[.[.[/].[dispatcherServlet]    : Servlet.service() for servlet [dispatcherServlet] in context with path [] threw exception [Request processing failed; nested exception is org.springframework.http.converter.HttpMessageConversionException: Type definition error: [simple type, class com.sparking.helper.ResponseForTags]; nested exception is com.fasterxml.jackson.databind.exc.InvalidDefinitionException: No serializer found for class com.sparking.helper.ResponseForTags and no properties discovered to create BeanSerializer (to avoid exception, disable SerializationFeature.FAIL_ON_EMPTY_BEANS) (through reference chain: com.sparking.entities.jsonResp.MyResponse["data"]->java.util.ArrayList[0]->com.sparking.entities.data.Tag["user"])] with root cause

com.fasterxml.jackson.databind.exc.InvalidDefinitionException: No serializer found for class com.sparking.helper.ResponseForTags and no properties discovered to create BeanSerializer (to avoid exception, disable SerializationFeature.FAIL_ON_EMPTY_BEANS) (through reference chain: com.sparking.entities.jsonResp.MyResponse["data"]->java.util.ArrayList[0]->com.sparking.entities.data.Tag["user"])
	at com.fasterxml.jackson.databind.exc.InvalidDefinitionException.from(InvalidDefinitionException.java:77) ~[jackson-databind-2.11.3.jar:2.11.3]
	at com.fasterxml.jackson.databind.SerializerProvider.reportBadDefinition(SerializerProvider.java:1277) ~[jackson-databind-2.11.3.jar:2.11.3]
	at com.fasterxml.jackson.databind.DatabindContext.reportBadDefinition(DatabindContext.java:400) ~[jackson-databind-2.11.3.jar:2.11.3]
	at com.fasterxml.jackson.databind.ser.impl.UnknownSerializer.failForEmpty(UnknownSerializer.java:71) ~[jackson-databind-2.11.3.jar:2.11.3]
	at com.fasterxml.jackson.databind.ser.impl.UnknownSerializer.serialize(UnknownSerializer.java:33) ~[jackson-databind-2.11.3.jar:2.11.3]
	at com.fasterxml.jackson.databind.ser.BeanPropertyWriter.serializeAsField(BeanPropertyWriter.java:728) ~[jackson-databind-2.11.3.jar:2.11.3]
	at com.fasterxml.jackson.databind.ser.std.BeanSerializerBase.serializeFields(BeanSerializerBase.java:755) ~[jackson-databind-2.11.3.jar:2.11.3]
	at com.fasterxml.jackson.databind.ser.BeanSerializer.serialize(BeanSerializer.java:178) ~[jackson-databind-2.11.3.jar:2.11.3]
	at com.fasterxml.jackson.databind.ser.impl.IndexedListSerializer.serializeContents(IndexedListSerializer.java:119) ~[jackson-databind-2.11.3.jar:2.11.3]
	at com.fasterxml.jackson.databind.ser.impl.IndexedListSerializer.serialize(IndexedListSerializer.java:79) ~[jackson-databind-2.11.3.jar:2.11.3]
	at com.fasterxml.jackson.databind.ser.impl.IndexedListSerializer.serialize(IndexedListSerializer.java:18) ~[jackson-databind-2.11.3.jar:2.11.3]
	at com.fasterxml.jackson.databind.ser.BeanPropertyWriter.serializeAsField(BeanPropertyWriter.java:728) ~[jackson-databind-2.11.3.jar:2.11.3]
	at com.fasterxml.jackson.databind.ser.std.BeanSerializerBase.serializeFields(BeanSerializerBase.java:755) ~[jackson-databind-2.11.3.jar:2.11.3]
	at com.fasterxml.jackson.databind.ser.BeanSerializer.serialize(BeanSerializer.java:178) ~[jackson-databind-2.11.3.jar:2.11.3]
	at com.fasterxml.jackson.databind.ser.DefaultSerializerProvider._serialize(DefaultSerializerProvider.java:480) ~[jackson-databind-2.11.3.jar:2.11.3]
	at com.fasterxml.jackson.databind.ser.DefaultSerializerProvider.serializeValue(DefaultSerializerProvider.java:319) ~[jackson-databind-2.11.3.jar:2.11.3]
	at com.fasterxml.jackson.databind.ObjectWriter$Prefetch.serialize(ObjectWriter.java:1516) ~[jackson-databind-2.11.3.jar:2.11.3]
	at com.fasterxml.jackson.databind.ObjectWriter.writeValue(ObjectWriter.java:1006) ~[jackson-databind-2.11.3.jar:2.11.3]
	at org.springframework.http.converter.json.AbstractJackson2HttpMessageConverter.writeInternal(AbstractJackson2HttpMessageConverter.java:342) ~[spring-web-5.2.10.RELEASE.jar:5.2.10.RELEASE]
	at org.springframework.http.converter.AbstractGenericHttpMessageConverter.write(AbstractGenericHttpMessageConverter.java:104) ~[spring-web-5.2.10.RELEASE.jar:5.2.10.RELEASE]
	at org.springframework.web.servlet.mvc.method.annotation.AbstractMessageConverterMethodProcessor.writeWithMessageConverters(AbstractMessageConverterMethodProcessor.java:277) ~[spring-webmvc-5.2.10.RELEASE.jar:5.2.10.RELEASE]
	at org.springframework.web.servlet.mvc.method.annotation.HttpEntityMethodProcessor.handleReturnValue(HttpEntityMethodProcessor.java:219) ~[spring-webmvc-5.2.10.RELEASE.jar:5.2.10.RELEASE]
	at org.springframework.web.method.support.HandlerMethodReturnValueHandlerComposite.handleReturnValue(HandlerMethodReturnValueHandlerComposite.java:82) ~[spring-web-5.2.10.RELEASE.jar:5.2.10.RELEASE]
	at org.springframework.web.servlet.mvc.method.annotation.ServletInvocableHandlerMethod.invokeAndHandle(ServletInvocableHandlerMethod.java:123) ~[spring-webmvc-5.2.10.RELEASE.jar:5.2.10.RELEASE]
	at org.springframework.web.servlet.mvc.method.annotation.RequestMappingHandlerAdapter.invokeHandlerMethod(RequestMappingHandlerAdapter.java:878) ~[spring-webmvc-5.2.10.RELEASE.jar:5.2.10.RELEASE]
	at org.springframework.web.servlet.mvc.method.annotation.RequestMappingHandlerAdapter.handleInternal(RequestMappingHandlerAdapter.java:792) ~[spring-webmvc-5.2.10.RELEASE.jar:5.2.10.RELEASE]
	at org.springframework.web.servlet.mvc.method.AbstractHandlerMethodAdapter.handle(AbstractHandlerMethodAdapter.java:87) ~[spring-webmvc-5.2.10.RELEASE.jar:5.2.10.RELEASE]
	at org.springframework.web.servlet.DispatcherServlet.doDispatch(DispatcherServlet.java:1040) ~[spring-webmvc-5.2.10.RELEASE.jar:5.2.10.RELEASE]
	at org.springframework.web.servlet.DispatcherServlet.doService(DispatcherServlet.java:943) ~[spring-webmvc-5.2.10.RELEASE.jar:5.2.10.RELEASE]
	at org.springframework.web.servlet.FrameworkServlet.processRequest(FrameworkServlet.java:1006) ~[spring-webmvc-5.2.10.RELEASE.jar:5.2.10.RELEASE]
	at org.springframework.web.servlet.FrameworkServlet.doGet(FrameworkServlet.java:898) ~[spring-webmvc-5.2.10.RELEASE.jar:5.2.10.RELEASE]
	at javax.servlet.http.HttpServlet.service(HttpServlet.java:626) ~[tomcat-embed-core-9.0.39.jar:4.0.FR]
	at org.springframework.web.servlet.FrameworkServlet.service(FrameworkServlet.java:883) ~[spring-webmvc-5.2.10.RELEASE.jar:5.2.10.RELEASE]
	at javax.servlet.http.HttpServlet.service(HttpServlet.java:733) ~[tomcat-embed-core-9.0.39.jar:4.0.FR]
	at org.apache.catalina.core.ApplicationFilterChain.internalDoFilter(ApplicationFilterChain.java:231) ~[tomcat-embed-core-9.0.39.jar:9.0.39]
	at org.apache.catalina.core.ApplicationFilterChain.doFilter(ApplicationFilterChain.java:166) ~[tomcat-embed-core-9.0.39.jar:9.0.39]
	at org.apache.tomcat.websocket.server.WsFilter.doFilter(WsFilter.java:53) ~[tomcat-embed-websocket-9.0.39.jar:9.0.39]
	at org.apache.catalina.core.ApplicationFilterChain.internalDoFilter(ApplicationFilterChain.java:193) ~[tomcat-embed-core-9.0.39.jar:9.0.39]
	at org.apache.catalina.core.ApplicationFilterChain.doFilter(ApplicationFilterChain.java:166) ~[tomcat-embed-core-9.0.39.jar:9.0.39]
	at com.sparking.security.JWTFilterAdmin.doFilter(JWTFilterAdmin.java:28) ~[classes/:na]
	at org.apache.catalina.core.ApplicationFilterChain.internalDoFilter(ApplicationFilterChain.java:193) ~[tomcat-embed-core-9.0.39.jar:9.0.39]
	at org.apache.catalina.core.ApplicationFilterChain.doFilter(ApplicationFilterChain.java:166) ~[tomcat-embed-core-9.0.39.jar:9.0.39]
	at org.springframework.security.web.FilterChainProxy$VirtualFilterChain.doFilter(FilterChainProxy.java:320) ~[spring-security-web-5.3.5.RELEASE.jar:5.3.5.RELEASE]
	at org.springframework.security.web.access.ExceptionTranslationFilter.doFilter(ExceptionTranslationFilter.java:118) ~[spring-security-web-5.3.5.RELEASE.jar:5.3.5.RELEASE]
	at org.springframework.security.web.FilterChainProxy$VirtualFilterChain.doFilter(FilterChainProxy.java:334) ~[spring-security-web-5.3.5.RELEASE.jar:5.3.5.RELEASE]
	at org.springframework.security.web.session.SessionManagementFilter.doFilter(SessionManagementFilter.java:137) ~[spring-security-web-5.3.5.RELEASE.jar:5.3.5.RELEASE]
	at org.springframework.security.web.FilterChainProxy$VirtualFilterChain.doFilter(FilterChainProxy.java:334) ~[spring-security-web-5.3.5.RELEASE.jar:5.3.5.RELEASE]
	at org.springframework.security.web.authentication.AnonymousAuthenticationFilter.doFilter(AnonymousAuthenticationFilter.java:111) ~[spring-security-web-5.3.5.RELEASE.jar:5.3.5.RELEASE]
	at org.springframework.security.web.FilterChainProxy$VirtualFilterChain.doFilter(FilterChainProxy.java:334) ~[spring-security-web-5.3.5.RELEASE.jar:5.3.5.RELEASE]
	at org.springframework.security.web.servletapi.SecurityContextHolderAwareRequestFilter.doFilter(SecurityContextHolderAwareRequestFilter.java:158) ~[spring-security-web-5.3.5.RELEASE.jar:5.3.5.RELEASE]
	at org.springframework.security.web.FilterChainProxy$VirtualFilterChain.doFilter(FilterChainProxy.java:334) ~[spring-security-web-5.3.5.RELEASE.jar:5.3.5.RELEASE]
	at org.springframework.security.web.savedrequest.RequestCacheAwareFilter.doFilter(RequestCacheAwareFilter.java:63) ~[spring-security-web-5.3.5.RELEASE.jar:5.3.5.RELEASE]
	at org.springframework.security.web.FilterChainProxy$VirtualFilterChain.doFilter(FilterChainProxy.java:334) ~[spring-security-web-5.3.5.RELEASE.jar:5.3.5.RELEASE]
	at org.springframework.security.web.authentication.logout.LogoutFilter.doFilter(LogoutFilter.java:116) ~[spring-security-web-5.3.5.RELEASE.jar:5.3.5.RELEASE]
	at org.springframework.security.web.FilterChainProxy$VirtualFilterChain.doFilter(FilterChainProxy.java:334) ~[spring-security-web-5.3.5.RELEASE.jar:5.3.5.RELEASE]
	at org.springframework.web.filter.CorsFilter.doFilterInternal(CorsFilter.java:92) ~[spring-web-5.2.10.RELEASE.jar:5.2.10.RELEASE]
	at org.springframework.web.filter.OncePerRequestFilter.doFilter(OncePerRequestFilter.java:119) ~[spring-web-5.2.10.RELEASE.jar:5.2.10.RELEASE]
	at org.springframework.security.web.FilterChainProxy$VirtualFilterChain.doFilter(FilterChainProxy.java:334) ~[spring-security-web-5.3.5.RELEASE.jar:5.3.5.RELEASE]
	at org.springframework.security.web.header.HeaderWriterFilter.doHeadersAfter(HeaderWriterFilter.java:92) ~[spring-security-web-5.3.5.RELEASE.jar:5.3.5.RELEASE]
	at org.springframework.security.web.header.HeaderWriterFilter.doFilterInternal(HeaderWriterFilter.java:77) ~[spring-security-web-5.3.5.RELEASE.jar:5.3.5.RELEASE]
	at org.springframework.web.filter.OncePerRequestFilter.doFilter(OncePerRequestFilter.java:119) ~[spring-web-5.2.10.RELEASE.jar:5.2.10.RELEASE]
	at org.springframework.security.web.FilterChainProxy$VirtualFilterChain.doFilter(FilterChainProxy.java:334) ~[spring-security-web-5.3.5.RELEASE.jar:5.3.5.RELEASE]
	at org.springframework.security.web.context.SecurityContextPersistenceFilter.doFilter(SecurityContextPersistenceFilter.java:105) ~[spring-security-web-5.3.5.RELEASE.jar:5.3.5.RELEASE]
	at org.springframework.security.web.FilterChainProxy$VirtualFilterChain.doFilter(FilterChainProxy.java:334) ~[spring-security-web-5.3.5.RELEASE.jar:5.3.5.RELEASE]
	at org.springframework.security.web.context.request.async.WebAsyncManagerIntegrationFilter.doFilterInternal(WebAsyncManagerIntegrationFilter.java:56) ~[spring-security-web-5.3.5.RELEASE.jar:5.3.5.RELEASE]
	at org.springframework.web.filter.OncePerRequestFilter.doFilter(OncePerRequestFilter.java:119) ~[spring-web-5.2.10.RELEASE.jar:5.2.10.RELEASE]
	at org.springframework.security.web.FilterChainProxy$VirtualFilterChain.doFilter(FilterChainProxy.java:334) ~[spring-security-web-5.3.5.RELEASE.jar:5.3.5.RELEASE]
	at org.springframework.security.web.FilterChainProxy.doFilterInternal(FilterChainProxy.java:215) ~[spring-security-web-5.3.5.RELEASE.jar:5.3.5.RELEASE]
	at org.springframework.security.web.FilterChainProxy.doFilter(FilterChainProxy.java:178) ~[spring-security-web-5.3.5.RELEASE.jar:5.3.5.RELEASE]
	at org.springframework.web.filter.DelegatingFilterProxy.invokeDelegate(DelegatingFilterProxy.java:358) ~[spring-web-5.2.10.RELEASE.jar:5.2.10.RELEASE]
	at org.springframework.web.filter.DelegatingFilterProxy.doFilter(DelegatingFilterProxy.java:271) ~[spring-web-5.2.10.RELEASE.jar:5.2.10.RELEASE]
	at org.apache.catalina.core.ApplicationFilterChain.internalDoFilter(ApplicationFilterChain.java:193) ~[tomcat-embed-core-9.0.39.jar:9.0.39]
	at org.apache.catalina.core.ApplicationFilterChain.doFilter(ApplicationFilterChain.java:166) ~[tomcat-embed-core-9.0.39.jar:9.0.39]
	at org.springframework.web.filter.RequestContextFilter.doFilterInternal(RequestContextFilter.java:100) ~[spring-web-5.2.10.RELEASE.jar:5.2.10.RELEASE]
	at org.springframework.web.filter.OncePerRequestFilter.doFilter(OncePerRequestFilter.java:119) ~[spring-web-5.2.10.RELEASE.jar:5.2.10.RELEASE]
	at org.apache.catalina.core.ApplicationFilterChain.internalDoFilter(ApplicationFilterChain.java:193) ~[tomcat-embed-core-9.0.39.jar:9.0.39]
	at org.apache.catalina.core.ApplicationFilterChain.doFilter(ApplicationFilterChain.java:166) ~[tomcat-embed-core-9.0.39.jar:9.0.39]
	at org.springframework.web.filter.FormContentFilter.doFilterInternal(FormContentFilter.java:93) ~[spring-web-5.2.10.RELEASE.jar:5.2.10.RELEASE]
	at org.springframework.web.filter.OncePerRequestFilter.doFilter(OncePerRequestFilter.java:119) ~[spring-web-5.2.10.RELEASE.jar:5.2.10.RELEASE]
	at org.apache.catalina.core.ApplicationFilterChain.internalDoFilter(ApplicationFilterChain.java:193) ~[tomcat-embed-core-9.0.39.jar:9.0.39]
	at org.apache.catalina.core.ApplicationFilterChain.doFilter(ApplicationFilterChain.java:166) ~[tomcat-embed-core-9.0.39.jar:9.0.39]
	at org.springframework.web.filter.CharacterEncodingFilter.doFilterInternal(CharacterEncodingFilter.java:201) ~[spring-web-5.2.10.RELEASE.jar:5.2.10.RELEASE]
	at org.springframework.web.filter.OncePerRequestFilter.doFilter(OncePerRequestFilter.java:119) ~[spring-web-5.2.10.RELEASE.jar:5.2.10.RELEASE]
	at org.apache.catalina.core.ApplicationFilterChain.internalDoFilter(ApplicationFilterChain.java:193) ~[tomcat-embed-core-9.0.39.jar:9.0.39]
	at org.apache.catalina.core.ApplicationFilterChain.doFilter(ApplicationFilterChain.java:166) ~[tomcat-embed-core-9.0.39.jar:9.0.39]
	at org.apache.catalina.core.StandardWrapperValve.invoke(StandardWrapperValve.java:202) ~[tomcat-embed-core-9.0.39.jar:9.0.39]
	at org.apache.catalina.core.StandardContextValve.invoke(StandardContextValve.java:97) ~[tomcat-embed-core-9.0.39.jar:9.0.39]
	at org.apache.catalina.authenticator.AuthenticatorBase.invoke(AuthenticatorBase.java:542) ~[tomcat-embed-core-9.0.39.jar:9.0.39]
	at org.apache.catalina.core.StandardHostValve.invoke(StandardHostValve.java:143) ~[tomcat-embed-core-9.0.39.jar:9.0.39]
	at org.apache.catalina.valves.ErrorReportValve.invoke(ErrorReportValve.java:92) ~[tomcat-embed-core-9.0.39.jar:9.0.39]
	at org.apache.catalina.core.StandardEngineValve.invoke(StandardEngineValve.java:78) ~[tomcat-embed-core-9.0.39.jar:9.0.39]
	at org.apache.catalina.connector.CoyoteAdapter.service(CoyoteAdapter.java:343) ~[tomcat-embed-core-9.0.39.jar:9.0.39]
	at org.apache.coyote.http11.Http11Processor.service(Http11Processor.java:374) ~[tomcat-embed-core-9.0.39.jar:9.0.39]
	at org.apache.coyote.AbstractProcessorLight.process(AbstractProcessorLight.java:65) ~[tomcat-embed-core-9.0.39.jar:9.0.39]
	at org.apache.coyote.AbstractProtocol$ConnectionHandler.process(AbstractProtocol.java:868) ~[tomcat-embed-core-9.0.39.jar:9.0.39]
	at org.apache.tomcat.util.net.NioEndpoint$SocketProcessor.doRun(NioEndpoint.java:1590) ~[tomcat-embed-core-9.0.39.jar:9.0.39]
	at org.apache.tomcat.util.net.SocketProcessorBase.run(SocketProcessorBase.java:49) ~[tomcat-embed-core-9.0.39.jar:9.0.39]
	at java.base/java.util.concurrent.ThreadPoolExecutor.runWorker(ThreadPoolExecutor.java:1128) ~[na:na]
	at java.base/java.util.concurrent.ThreadPoolExecutor$Worker.run(ThreadPoolExecutor.java:628) ~[na:na]
	at org.apache.tomcat.util.threads.TaskThread$WrappingRunnable.run(TaskThread.java:61) ~[tomcat-embed-core-9.0.39.jar:9.0.39]
	at java.base/java.lang.Thread.run(Thread.java:834) ~[na:na]

2021-11-29 13:48:05.870  INFO 2636 --- [main] c.s.BackendParkingSpaceV2Application     : Starting BackendParkingSpaceV2Application on DESKTOP-43VL7LQ with PID 2636 (C:\Users\Hyacinth\backendparkingspacev3\target\classes started by Hyacinth in C:\Users\Hyacinth\backendparkingspacev3)
2021-11-29 13:48:05.872  INFO 2636 --- [main] c.s.BackendParkingSpaceV2Application     : No active profile set, falling back to default profiles: default
2021-11-29 13:48:08.292  WARN 2636 --- [main] JpaBaseConfiguration$JpaWebConfiguration : spring.jpa.open-in-view is enabled by default. Therefore, database queries may be performed during view rendering. Explicitly configure spring.jpa.open-in-view to disable this warning
2021-11-29 13:48:09.396  INFO 2636 --- [main] c.s.BackendParkingSpaceV2Application     : Started BackendParkingSpaceV2Application in 3.955 seconds (JVM running for 4.44)
2021-11-29 13:48:09.399  INFO 2636 --- [main] c.s.BackendParkingSpaceV2Application     : SERVER STARTED
2021-11-29 13:55:19.348  INFO 14980 --- [main] c.s.BackendParkingSpaceV2Application     : Starting BackendParkingSpaceV2Application on DESKTOP-43VL7LQ with PID 14980 (C:\Users\Hyacinth\backendparkingspacev3\target\classes started by Hyacinth in C:\Users\Hyacinth\backendparkingspacev3)
2021-11-29 13:55:19.351  INFO 14980 --- [main] c.s.BackendParkingSpaceV2Application     : No active profile set, falling back to default profiles: default
2021-11-29 13:55:21.689  WARN 14980 --- [main] JpaBaseConfiguration$JpaWebConfiguration : spring.jpa.open-in-view is enabled by default. Therefore, database queries may be performed during view rendering. Explicitly configure spring.jpa.open-in-view to disable this warning
2021-11-29 13:55:22.851  INFO 14980 --- [main] c.s.BackendParkingSpaceV2Application     : Started BackendParkingSpaceV2Application in 3.877 seconds (JVM running for 4.341)
2021-11-29 13:55:22.853  INFO 14980 --- [main] c.s.BackendParkingSpaceV2Application     : SERVER STARTED
2021-11-29 15:30:06.027  INFO 7188 --- [main] c.s.BackendParkingSpaceV2Application     : Starting BackendParkingSpaceV2Application on DESKTOP-43VL7LQ with PID 7188 (C:\Users\Hyacinth\backendparkingspacev3\target\classes started by Hyacinth in C:\Users\Hyacinth\backendparkingspacev3)
2021-11-29 15:30:06.031  INFO 7188 --- [main] c.s.BackendParkingSpaceV2Application     : No active profile set, falling back to default profiles: default
2021-11-29 15:30:08.991  WARN 7188 --- [main] JpaBaseConfiguration$JpaWebConfiguration : spring.jpa.open-in-view is enabled by default. Therefore, database queries may be performed during view rendering. Explicitly configure spring.jpa.open-in-view to disable this warning
2021-11-29 15:30:10.305  INFO 7188 --- [main] c.s.BackendParkingSpaceV2Application     : Started BackendParkingSpaceV2Application in 4.769 seconds (JVM running for 5.295)
2021-11-29 15:30:10.308  INFO 7188 --- [main] c.s.BackendParkingSpaceV2Application     : SERVER STARTED
2021-11-29 15:30:42.224  WARN 7188 --- [http-nio-6969-exec-3] .w.s.m.s.DefaultHandlerExceptionResolver : Resolved [org.springframework.web.bind.MissingServletRequestParameterException: Required String parameter 'field' is not present]
2021-11-29 15:31:24.466  INFO 15924 --- [main] c.s.BackendParkingSpaceV2Application     : Starting BackendParkingSpaceV2Application on DESKTOP-43VL7LQ with PID 15924 (C:\Users\Hyacinth\backendparkingspacev3\target\classes started by Hyacinth in C:\Users\Hyacinth\backendparkingspacev3)
2021-11-29 15:31:24.468  INFO 15924 --- [main] c.s.BackendParkingSpaceV2Application     : No active profile set, falling back to default profiles: default
2021-11-29 15:31:26.903  WARN 15924 --- [main] JpaBaseConfiguration$JpaWebConfiguration : spring.jpa.open-in-view is enabled by default. Therefore, database queries may be performed during view rendering. Explicitly configure spring.jpa.open-in-view to disable this warning
2021-11-29 15:31:28.075  INFO 15924 --- [main] c.s.BackendParkingSpaceV2Application     : Started BackendParkingSpaceV2Application in 4.007 seconds (JVM running for 4.501)
2021-11-29 15:31:28.077  INFO 15924 --- [main] c.s.BackendParkingSpaceV2Application     : SERVER STARTED
2021-11-29 15:32:25.301  INFO 7340 --- [main] c.s.BackendParkingSpaceV2Application     : Starting BackendParkingSpaceV2Application on DESKTOP-43VL7LQ with PID 7340 (C:\Users\Hyacinth\backendparkingspacev3\target\classes started by Hyacinth in C:\Users\Hyacinth\backendparkingspacev3)
2021-11-29 15:32:25.303  INFO 7340 --- [main] c.s.BackendParkingSpaceV2Application     : No active profile set, falling back to default profiles: default
2021-11-29 15:32:27.944  WARN 7340 --- [main] JpaBaseConfiguration$JpaWebConfiguration : spring.jpa.open-in-view is enabled by default. Therefore, database queries may be performed during view rendering. Explicitly configure spring.jpa.open-in-view to disable this warning
2021-11-29 15:32:29.166  INFO 7340 --- [main] c.s.BackendParkingSpaceV2Application     : Started BackendParkingSpaceV2Application in 4.255 seconds (JVM running for 4.771)
2021-11-29 15:32:29.168  INFO 7340 --- [main] c.s.BackendParkingSpaceV2Application     : SERVER STARTED
2021-11-29 15:32:37.806  WARN 7340 --- [http-nio-6969-exec-3] .w.s.m.s.DefaultHandlerExceptionResolver : Resolved [org.springframework.web.bind.MissingServletRequestParameterException: Required String parameter 'field' is not present]
2021-11-29 15:33:44.319  WARN 7340 --- [http-nio-6969-exec-4] .w.s.m.s.DefaultHandlerExceptionResolver : Resolved [org.springframework.web.bind.MissingServletRequestParameterException: Required String parameter 'field' is not present]
2021-11-29 15:44:02.681 ERROR 7340 --- [http-nio-6969-exec-8] o.a.c.c.C.[.[.[/].[dispatcherServlet]    : Servlet.service() for servlet [dispatcherServlet] in context with path [] threw exception [Request processing failed; nested exception is java.lang.NumberFormatException: For input string: ""] with root cause

java.lang.NumberFormatException: For input string: ""
	at java.base/java.lang.NumberFormatException.forInputString(NumberFormatException.java:65) ~[na:na]
	at java.base/java.lang.Integer.parseInt(Integer.java:662) ~[na:na]
	at java.base/java.lang.Integer.parseInt(Integer.java:770) ~[na:na]
	at com.sparking.controller.SlotController.findAll(SlotController.java:38) ~[classes/:na]
	at java.base/jdk.internal.reflect.NativeMethodAccessorImpl.invoke0(Native Method) ~[na:na]
	at java.base/jdk.internal.reflect.NativeMethodAccessorImpl.invoke(NativeMethodAccessorImpl.java:62) ~[na:na]
	at java.base/jdk.internal.reflect.DelegatingMethodAccessorImpl.invoke(DelegatingMethodAccessorImpl.java:43) ~[na:na]
	at java.base/java.lang.reflect.Method.invoke(Method.java:566) ~[na:na]
	at org.springframework.web.method.support.InvocableHandlerMethod.doInvoke(InvocableHandlerMethod.java:190) ~[spring-web-5.2.10.RELEASE.jar:5.2.10.RELEASE]
	at org.springframework.web.method.support.InvocableHandlerMethod.invokeForRequest(InvocableHandlerMethod.java:138) ~[spring-web-5.2.10.RELEASE.jar:5.2.10.RELEASE]
	at org.springframework.web.servlet.mvc.method.annotation.ServletInvocableHandlerMethod.invokeAndHandle(ServletInvocableHandlerMethod.java:105) ~[spring-webmvc-5.2.10.RELEASE.jar:5.2.10.RELEASE]
	at org.springframework.web.servlet.mvc.method.annotation.RequestMappingHandlerAdapter.invokeHandlerMethod(RequestMappingHandlerAdapter.java:878) ~[spring-webmvc-5.2.10.RELEASE.jar:5.2.10.RELEASE]
	at org.springframework.web.servlet.mvc.method.annotation.RequestMappingHandlerAdapter.handleInternal(RequestMappingHandlerAdapter.java:792) ~[spring-webmvc-5.2.10.RELEASE.jar:5.2.10.RELEASE]
	at org.springframework.web.servlet.mvc.method.AbstractHandlerMethodAdapter.handle(AbstractHandlerMethodAdapter.java:87) ~[spring-webmvc-5.2.10.RELEASE.jar:5.2.10.RELEASE]
	at org.springframework.web.servlet.DispatcherServlet.doDispatch(DispatcherServlet.java:1040) ~[spring-webmvc-5.2.10.RELEASE.jar:5.2.10.RELEASE]
	at org.springframework.web.servlet.DispatcherServlet.doService(DispatcherServlet.java:943) ~[spring-webmvc-5.2.10.RELEASE.jar:5.2.10.RELEASE]
	at org.springframework.web.servlet.FrameworkServlet.processRequest(FrameworkServlet.java:1006) ~[spring-webmvc-5.2.10.RELEASE.jar:5.2.10.RELEASE]
	at org.springframework.web.servlet.FrameworkServlet.doGet(FrameworkServlet.java:898) ~[spring-webmvc-5.2.10.RELEASE.jar:5.2.10.RELEASE]
	at javax.servlet.http.HttpServlet.service(HttpServlet.java:626) ~[tomcat-embed-core-9.0.39.jar:4.0.FR]
	at org.springframework.web.servlet.FrameworkServlet.service(FrameworkServlet.java:883) ~[spring-webmvc-5.2.10.RELEASE.jar:5.2.10.RELEASE]
	at javax.servlet.http.HttpServlet.service(HttpServlet.java:733) ~[tomcat-embed-core-9.0.39.jar:4.0.FR]
	at org.apache.catalina.core.ApplicationFilterChain.internalDoFilter(ApplicationFilterChain.java:231) ~[tomcat-embed-core-9.0.39.jar:9.0.39]
	at org.apache.catalina.core.ApplicationFilterChain.doFilter(ApplicationFilterChain.java:166) ~[tomcat-embed-core-9.0.39.jar:9.0.39]
	at org.apache.tomcat.websocket.server.WsFilter.doFilter(WsFilter.java:53) ~[tomcat-embed-websocket-9.0.39.jar:9.0.39]
	at org.apache.catalina.core.ApplicationFilterChain.internalDoFilter(ApplicationFilterChain.java:193) ~[tomcat-embed-core-9.0.39.jar:9.0.39]
	at org.apache.catalina.core.ApplicationFilterChain.doFilter(ApplicationFilterChain.java:166) ~[tomcat-embed-core-9.0.39.jar:9.0.39]
	at com.sparking.security.JWTFilterAdmin.doFilter(JWTFilterAdmin.java:28) ~[classes/:na]
	at org.apache.catalina.core.ApplicationFilterChain.internalDoFilter(ApplicationFilterChain.java:193) ~[tomcat-embed-core-9.0.39.jar:9.0.39]
	at org.apache.catalina.core.ApplicationFilterChain.doFilter(ApplicationFilterChain.java:166) ~[tomcat-embed-core-9.0.39.jar:9.0.39]
	at org.springframework.security.web.FilterChainProxy$VirtualFilterChain.doFilter(FilterChainProxy.java:320) ~[spring-security-web-5.3.5.RELEASE.jar:5.3.5.RELEASE]
	at org.springframework.security.web.access.ExceptionTranslationFilter.doFilter(ExceptionTranslationFilter.java:118) ~[spring-security-web-5.3.5.RELEASE.jar:5.3.5.RELEASE]
	at org.springframework.security.web.FilterChainProxy$VirtualFilterChain.doFilter(FilterChainProxy.java:334) ~[spring-security-web-5.3.5.RELEASE.jar:5.3.5.RELEASE]
	at org.springframework.security.web.session.SessionManagementFilter.doFilter(SessionManagementFilter.java:137) ~[spring-security-web-5.3.5.RELEASE.jar:5.3.5.RELEASE]
	at org.springframework.security.web.FilterChainProxy$VirtualFilterChain.doFilter(FilterChainProxy.java:334) ~[spring-security-web-5.3.5.RELEASE.jar:5.3.5.RELEASE]
	at org.springframework.security.web.authentication.AnonymousAuthenticationFilter.doFilter(AnonymousAuthenticationFilter.java:111) ~[spring-security-web-5.3.5.RELEASE.jar:5.3.5.RELEASE]
	at org.springframework.security.web.FilterChainProxy$VirtualFilterChain.doFilter(FilterChainProxy.java:334) ~[spring-security-web-5.3.5.RELEASE.jar:5.3.5.RELEASE]
	at org.springframework.security.web.servletapi.SecurityContextHolderAwareRequestFilter.doFilter(SecurityContextHolderAwareRequestFilter.java:158) ~[spring-security-web-5.3.5.RELEASE.jar:5.3.5.RELEASE]
	at org.springframework.security.web.FilterChainProxy$VirtualFilterChain.doFilter(FilterChainProxy.java:334) ~[spring-security-web-5.3.5.RELEASE.jar:5.3.5.RELEASE]
	at org.springframework.security.web.savedrequest.RequestCacheAwareFilter.doFilter(RequestCacheAwareFilter.java:63) ~[spring-security-web-5.3.5.RELEASE.jar:5.3.5.RELEASE]
	at org.springframework.security.web.FilterChainProxy$VirtualFilterChain.doFilter(FilterChainProxy.java:334) ~[spring-security-web-5.3.5.RELEASE.jar:5.3.5.RELEASE]
	at org.springframework.security.web.authentication.logout.LogoutFilter.doFilter(LogoutFilter.java:116) ~[spring-security-web-5.3.5.RELEASE.jar:5.3.5.RELEASE]
	at org.springframework.security.web.FilterChainProxy$VirtualFilterChain.doFilter(FilterChainProxy.java:334) ~[spring-security-web-5.3.5.RELEASE.jar:5.3.5.RELEASE]
	at org.springframework.web.filter.CorsFilter.doFilterInternal(CorsFilter.java:92) ~[spring-web-5.2.10.RELEASE.jar:5.2.10.RELEASE]
	at org.springframework.web.filter.OncePerRequestFilter.doFilter(OncePerRequestFilter.java:119) ~[spring-web-5.2.10.RELEASE.jar:5.2.10.RELEASE]
	at org.springframework.security.web.FilterChainProxy$VirtualFilterChain.doFilter(FilterChainProxy.java:334) ~[spring-security-web-5.3.5.RELEASE.jar:5.3.5.RELEASE]
	at org.springframework.security.web.header.HeaderWriterFilter.doHeadersAfter(HeaderWriterFilter.java:92) ~[spring-security-web-5.3.5.RELEASE.jar:5.3.5.RELEASE]
	at org.springframework.security.web.header.HeaderWriterFilter.doFilterInternal(HeaderWriterFilter.java:77) ~[spring-security-web-5.3.5.RELEASE.jar:5.3.5.RELEASE]
	at org.springframework.web.filter.OncePerRequestFilter.doFilter(OncePerRequestFilter.java:119) ~[spring-web-5.2.10.RELEASE.jar:5.2.10.RELEASE]
	at org.springframework.security.web.FilterChainProxy$VirtualFilterChain.doFilter(FilterChainProxy.java:334) ~[spring-security-web-5.3.5.RELEASE.jar:5.3.5.RELEASE]
	at org.springframework.security.web.context.SecurityContextPersistenceFilter.doFilter(SecurityContextPersistenceFilter.java:105) ~[spring-security-web-5.3.5.RELEASE.jar:5.3.5.RELEASE]
	at org.springframework.security.web.FilterChainProxy$VirtualFilterChain.doFilter(FilterChainProxy.java:334) ~[spring-security-web-5.3.5.RELEASE.jar:5.3.5.RELEASE]
	at org.springframework.security.web.context.request.async.WebAsyncManagerIntegrationFilter.doFilterInternal(WebAsyncManagerIntegrationFilter.java:56) ~[spring-security-web-5.3.5.RELEASE.jar:5.3.5.RELEASE]
	at org.springframework.web.filter.OncePerRequestFilter.doFilter(OncePerRequestFilter.java:119) ~[spring-web-5.2.10.RELEASE.jar:5.2.10.RELEASE]
	at org.springframework.security.web.FilterChainProxy$VirtualFilterChain.doFilter(FilterChainProxy.java:334) ~[spring-security-web-5.3.5.RELEASE.jar:5.3.5.RELEASE]
	at org.springframework.security.web.FilterChainProxy.doFilterInternal(FilterChainProxy.java:215) ~[spring-security-web-5.3.5.RELEASE.jar:5.3.5.RELEASE]
	at org.springframework.security.web.FilterChainProxy.doFilter(FilterChainProxy.java:178) ~[spring-security-web-5.3.5.RELEASE.jar:5.3.5.RELEASE]
	at org.springframework.web.filter.DelegatingFilterProxy.invokeDelegate(DelegatingFilterProxy.java:358) ~[spring-web-5.2.10.RELEASE.jar:5.2.10.RELEASE]
	at org.springframework.web.filter.DelegatingFilterProxy.doFilter(DelegatingFilterProxy.java:271) ~[spring-web-5.2.10.RELEASE.jar:5.2.10.RELEASE]
	at org.apache.catalina.core.ApplicationFilterChain.internalDoFilter(ApplicationFilterChain.java:193) ~[tomcat-embed-core-9.0.39.jar:9.0.39]
	at org.apache.catalina.core.ApplicationFilterChain.doFilter(ApplicationFilterChain.java:166) ~[tomcat-embed-core-9.0.39.jar:9.0.39]
	at org.springframework.web.filter.RequestContextFilter.doFilterInternal(RequestContextFilter.java:100) ~[spring-web-5.2.10.RELEASE.jar:5.2.10.RELEASE]
	at org.springframework.web.filter.OncePerRequestFilter.doFilter(OncePerRequestFilter.java:119) ~[spring-web-5.2.10.RELEASE.jar:5.2.10.RELEASE]
	at org.apache.catalina.core.ApplicationFilterChain.internalDoFilter(ApplicationFilterChain.java:193) ~[tomcat-embed-core-9.0.39.jar:9.0.39]
	at org.apache.catalina.core.ApplicationFilterChain.doFilter(ApplicationFilterChain.java:166) ~[tomcat-embed-core-9.0.39.jar:9.0.39]
	at org.springframework.web.filter.FormContentFilter.doFilterInternal(FormContentFilter.java:93) ~[spring-web-5.2.10.RELEASE.jar:5.2.10.RELEASE]
	at org.springframework.web.filter.OncePerRequestFilter.doFilter(OncePerRequestFilter.java:119) ~[spring-web-5.2.10.RELEASE.jar:5.2.10.RELEASE]
	at org.apache.catalina.core.ApplicationFilterChain.internalDoFilter(ApplicationFilterChain.java:193) ~[tomcat-embed-core-9.0.39.jar:9.0.39]
	at org.apache.catalina.core.ApplicationFilterChain.doFilter(ApplicationFilterChain.java:166) ~[tomcat-embed-core-9.0.39.jar:9.0.39]
	at org.springframework.web.filter.CharacterEncodingFilter.doFilterInternal(CharacterEncodingFilter.java:201) ~[spring-web-5.2.10.RELEASE.jar:5.2.10.RELEASE]
	at org.springframework.web.filter.OncePerRequestFilter.doFilter(OncePerRequestFilter.java:119) ~[spring-web-5.2.10.RELEASE.jar:5.2.10.RELEASE]
	at org.apache.catalina.core.ApplicationFilterChain.internalDoFilter(ApplicationFilterChain.java:193) ~[tomcat-embed-core-9.0.39.jar:9.0.39]
	at org.apache.catalina.core.ApplicationFilterChain.doFilter(ApplicationFilterChain.java:166) ~[tomcat-embed-core-9.0.39.jar:9.0.39]
	at org.apache.catalina.core.StandardWrapperValve.invoke(StandardWrapperValve.java:202) ~[tomcat-embed-core-9.0.39.jar:9.0.39]
	at org.apache.catalina.core.StandardContextValve.invoke(StandardContextValve.java:97) ~[tomcat-embed-core-9.0.39.jar:9.0.39]
	at org.apache.catalina.authenticator.AuthenticatorBase.invoke(AuthenticatorBase.java:542) ~[tomcat-embed-core-9.0.39.jar:9.0.39]
	at org.apache.catalina.core.StandardHostValve.invoke(StandardHostValve.java:143) ~[tomcat-embed-core-9.0.39.jar:9.0.39]
	at org.apache.catalina.valves.ErrorReportValve.invoke(ErrorReportValve.java:92) ~[tomcat-embed-core-9.0.39.jar:9.0.39]
	at org.apache.catalina.core.StandardEngineValve.invoke(StandardEngineValve.java:78) ~[tomcat-embed-core-9.0.39.jar:9.0.39]
	at org.apache.catalina.connector.CoyoteAdapter.service(CoyoteAdapter.java:343) ~[tomcat-embed-core-9.0.39.jar:9.0.39]
	at org.apache.coyote.http11.Http11Processor.service(Http11Processor.java:374) ~[tomcat-embed-core-9.0.39.jar:9.0.39]
	at org.apache.coyote.AbstractProcessorLight.process(AbstractProcessorLight.java:65) ~[tomcat-embed-core-9.0.39.jar:9.0.39]
	at org.apache.coyote.AbstractProtocol$ConnectionHandler.process(AbstractProtocol.java:868) ~[tomcat-embed-core-9.0.39.jar:9.0.39]
	at org.apache.tomcat.util.net.NioEndpoint$SocketProcessor.doRun(NioEndpoint.java:1590) ~[tomcat-embed-core-9.0.39.jar:9.0.39]
	at org.apache.tomcat.util.net.SocketProcessorBase.run(SocketProcessorBase.java:49) ~[tomcat-embed-core-9.0.39.jar:9.0.39]
	at java.base/java.util.concurrent.ThreadPoolExecutor.runWorker(ThreadPoolExecutor.java:1128) ~[na:na]
	at java.base/java.util.concurrent.ThreadPoolExecutor$Worker.run(ThreadPoolExecutor.java:628) ~[na:na]
	at org.apache.tomcat.util.threads.TaskThread$WrappingRunnable.run(TaskThread.java:61) ~[tomcat-embed-core-9.0.39.jar:9.0.39]
	at java.base/java.lang.Thread.run(Thread.java:834) ~[na:na]

2021-11-29 15:51:31.760  INFO 12088 --- [main] c.s.BackendParkingSpaceV2Application     : Starting BackendParkingSpaceV2Application on DESKTOP-43VL7LQ with PID 12088 (C:\Users\Hyacinth\backendparkingspacev3\target\classes started by Hyacinth in C:\Users\Hyacinth\backendparkingspacev3)
2021-11-29 15:51:31.763  INFO 12088 --- [main] c.s.BackendParkingSpaceV2Application     : No active profile set, falling back to default profiles: default
2021-11-29 15:51:34.103  WARN 12088 --- [main] JpaBaseConfiguration$JpaWebConfiguration : spring.jpa.open-in-view is enabled by default. Therefore, database queries may be performed during view rendering. Explicitly configure spring.jpa.open-in-view to disable this warning
2021-11-29 15:51:35.184  INFO 12088 --- [main] c.s.BackendParkingSpaceV2Application     : Started BackendParkingSpaceV2Application in 3.82 seconds (JVM running for 4.282)
2021-11-29 15:51:35.186  INFO 12088 --- [main] c.s.BackendParkingSpaceV2Application     : SERVER STARTED
